---------------------------------------------------------------------------------------------------------------------------------------------------------------------------------------------------------------------------------------------------------------
      name:  <unnamed>
       log:  C:\Users\wb500886\OneDrive - WBG\7_Housing\survey_all\Housing_git\nss\Survey_NSS\NSS70\03_NSS59_Table of Means.log
  log type:  text
 opened on:  20 Apr 2021, 11:37:01

. set linesize 255

. ****************************************************************************
. * Summary table for asset and liability: Table 0
. ****************************************************************************
. use "${root}\Data Output Files\NSS59_All.dta",clear

. 
. *whether the households have asset of debt
. gen asset_dm = (asset > 0)*100

. gen debt_dm = (total_debt > 0)*100 

. 
. *narrow the scope to households with positive debt/asset 
. gen asset_pos =  asset if asset > 0
(103 missing values generated)

. gen total_debt_pos = total_debt if total_debt > 0
(101,259 missing values generated)

. 
. *home ownership
. gen own_home = (building_dwelling > 0)*100

. replace own_home = 0 if mi(building_dwelling)
(0 real changes made)

. 
. *urban hosuehold unit
. replace urban = urban*100
(52,093 real changes made)

. 
. /*
> Quantile of wealth
> Asset: Real Estate, Total Asset
> Liability: Mortgage, Total Liabilities
> */
. 
. global var_tab "asset asset_pos asset_dm total_debt total_debt_pos debt_dm own_home urban hhsize head_female head_age"

. //mdesc $var_tab
. 
. table qtl [aw = hhwgt], c(med wealth) format(%15.0fc)

---------------------------
5         |
quantiles |
of wealth |     med(wealth)
----------+----------------
        1 |          11,976
        2 |          53,851
        3 |         117,767
        4 |         244,703
        5 |         697,702
---------------------------

. 
. //not restrcting the sample to positive asset or liability.
. 
. qui eststo total : estpost summarize $var_tab [aw = hhwgt] ,de

. qui eststo urban : estpost summarize $var_tab [aw = hhwgt] if urban == 100,de

. //qui eststo mega : estpost summarize $var_tab [aw = hhwgt] if mega_dc == 1,de
. qui eststo rural : estpost summarize $var_tab [aw = hhwgt] if urban == 0,de

. 
. forvalues i = 1/5 {
  2. qui eststo q`i' : estpost summarize $var_tab [aw = hhwgt] if qtl == `i',de
  3. }

. 
. label var asset "Average HH. Assets"

. label var asset_pos "Average Assets for HHs. Owning Assets"

. 
. label var total_debt "Average HH. Debt"

. label var total_debt_pos "Average Debt for Indebted HHs."

. 
. label var asset_dm "Own Asset (%)"

. label var debt_dm "In Debt (%)"

. 
. label var own_home "Dwelling Ownership (%)"

. 
. label var urban "Urban Household (%)"

. label var hhsize "Household Size"

. label var head_age "Household Head Age"

. label var head_female "Female Household Head (%)"

. 
. *household feature
. esttab total urban rural q1 q2 q3 q4 q5, cells(mean(fmt(%15.0fc))) label collabels(none) varwidth(40) ///
>  mtitles("All" "Urban"  "Rural" "Q1" "Q2" "Q3" "Q4" "Q5") stats(N, label("Observations") fmt(%15.0gc)) ///
>  title("Table 0.1 Summary Statistics of Assets and Liabilities by Wealth Quintile (mean)") ///
>  addnotes("Notes: Wealth is defined as total assests net total debt." ///
>           "       HHs. with asset on residential building that used as dwelling is defined as owning dwelling." )

Table 0.1 Summary Statistics of Assets and Liabilities by Wealth Quintile (mean)
------------------------------------------------------------------------------------------------------------------------------------------------
                                                  (1)          (2)          (3)          (4)          (5)          (6)          (7)          (8)
                                                  All        Urban        Rural           Q1           Q2           Q3           Q4           Q5
------------------------------------------------------------------------------------------------------------------------------------------------
Average HH. Assets                            308,420      418,536      267,087       17,115       58,146      125,029      262,618    1,079,342
Average Assets for HHs. Owning Assets         308,729      419,268      267,281       17,202       58,146      125,029      262,618    1,079,342
Own Asset (%)                                     100          100          100           99          100          100          100          100
Average HH. Debt                                8,755       11,993        7,539        5,835        3,674        5,052        8,077       21,136
Average Debt for Indebted HHs.                 36,275       67,320       28,443       27,019       15,874       20,044       32,210       82,393
In Debt (%)                                        24           18           27           22           23           25           25           26
Dwelling Ownership (%)                             85           65           93           52           88           93           95           97
Urban Household (%)                                27          100            0           34           18           21           25           38
Household Size                                      5            5            5            4            4            5            5            6
Female Household Head (%)                          11           11           11           15           12           10            9            8
Household Head Age                                 44           44           45           38           42           44           47           51
------------------------------------------------------------------------------------------------------------------------------------------------
Observations                                  143,285       52,093       91,192       29,761       26,608       26,899       28,598       31,419
------------------------------------------------------------------------------------------------------------------------------------------------
Notes: Wealth is defined as total assests net total debt.
       HHs. with asset on residential building that used as dwelling is defined as owning dwelling.

. 
. esttab total urban rural q1 q2 q3 q4 q5, cells(p50(fmt(%15.0fc))) label collabels(none) varwidth(40) ///
>  mtitles("All" "Urban"  "Rural" "Q1" "Q2" "Q3" "Q4" "Q5") stats(N, label("Observations") fmt(%15.0gc)) ///
>  title("Table 0.2 Summary Statistics of Assets and Liabilities by Wealth Quintile (med)") ///
>  addnotes("Notes: Wealth is defined as total assests net total debt." ///
>           "       HHs. with asset on residential building that used as dwelling is defined as owning dwelling" )

Table 0.2 Summary Statistics of Assets and Liabilities by Wealth Quintile (med)
------------------------------------------------------------------------------------------------------------------------------------------------
                                                  (1)          (2)          (3)          (4)          (5)          (6)          (7)          (8)
                                                  All        Urban        Rural           Q1           Q2           Q3           Q4           Q5
------------------------------------------------------------------------------------------------------------------------------------------------
Average HH. Assets                            122,901      145,772      116,881       14,560       56,601      121,751      251,451      716,551
Average Assets for HHs. Owning Assets         123,135      146,391      117,057       14,601       56,601      121,751      251,451      716,551
Own Asset (%)                                     100          100          100          100          100          100          100          100
Average HH. Debt                                    0            0            0            0            0            0            0            0
Average Debt for Indebted HHs.                 13,500       23,500       11,611       10,000        8,690       10,200       15,000       32,550
In Debt (%)                                         0            0            0            0            0            0            0            0
Dwelling Ownership (%)                            100          100          100          100          100          100          100          100
Urban Household (%)                                 0          100            0            0            0            0            0            0
Household Size                                      5            4            5            4            4            5            5            5
Female Household Head (%)                           0            0            0            0            0            0            0            0
Household Head Age                                 43           42           43           35           40           42           45           50
------------------------------------------------------------------------------------------------------------------------------------------------
Observations                                  143,285       52,093       91,192       29,761       26,608       26,899       28,598       31,419
------------------------------------------------------------------------------------------------------------------------------------------------
Notes: Wealth is defined as total assests net total debt.
       HHs. with asset on residential building that used as dwelling is defined as owning dwelling

.  
. ****************************************************************************
. * Housing mortgage loan features
. ****************************************************************************
. use "${r_input}\Visit 1_Block 15pt2 part 2.dta",clear

. merge 1:1 HHID B15_2_q1 using "${r_input}\Visit 1_Block 15pt2 part 1.dta"

    Result                           # of obs.
    -----------------------------------------
    not matched                             6
        from master                         6  (_merge==1)
        from using                          0  (_merge==2)

    matched                            97,281  (_merge==3)
    -----------------------------------------

. drop _merge

. 
. *debt, borrowed amount, repay amount.
. gen debt = B15_2_q24 //outstanding amout at end of June 2012
(43,565 missing values generated)

. gen debt_todt = B15_2_q24 //outstanding amout at the date of survey
(43,565 missing values generated)

. gen borrow = B15_2_q5 //original borrowed amount
(30 missing values generated)

. gen repay = B15_2_q16 //amount (`) repaid (including interest) during 01.01.2003 to date of survey
(66,729 missing values generated)

. 
. *** Two housing mortgage definitions 
. //tab b14_q12
. gen secure_type = B15_2_q12
(160 missing values generated)

. 
. //tab b14_q11
. gen loan_purpose = B15_2_q11
(109 missing values generated)

. 
. gen mortgage_type = B15_2_q13
(160 missing values generated)

. 
. * (A) Conservative (label 1)housing loan (using household expenditure here, overestimated) with immovable property as secure type: B14_Q11 == 11 & (B14_Q12 == 3 | B14_Q12 == 4)
. tab loan_purpose if (secure_type == "04"|secure_type == "05"),sort

loan_purpos |
          e |      Freq.     Percent        Cum.
------------+-----------------------------------
          5 |      4,788       30.21       30.21
          1 |      3,684       23.24       53.45
          2 |      3,164       19.96       73.41
          3 |      1,642       10.36       83.77
          9 |      1,598       10.08       93.85
          4 |        576        3.63       97.48
          7 |        225        1.42       98.90
          8 |        150        0.95       99.85
          6 |         24        0.15      100.00
------------+-----------------------------------
      Total |     15,851      100.00

. gen mrtg_1_dm = (loan_purpose == "5" & (secure_type == "04"|secure_type == "05"))

. 
. * (B) Less conservative (let's label 2) housing loan (using household expenditure here, overestimated) with mortgage: B14_Q11 == 11 & B14_13 != 4
. gen mrtg_2_dm = (loan_purpose == "5" & (mortgage_type != "4"& mortgage_type != ""))

. 
. *** Housing mortgage features 
. 
. *aggregate at household level. 
. egen double debt_total = sum(debt),by(HHID)

. egen double borrow_total = sum(borrow),by(HHID)

. 
. *** Other laon features
. //tab b14_q3 [aw = Weight_SS]
. //tab b14_q2 [aw = Weight_SS]
. 
. *interest rate and type
. gen intst_rate = B15_2_q10/100/12
(2,867 missing values generated)

. gen intst_type = B15_2_q9
(18 missing values generated)

. sum intst_rate [aw = Weight],de

                         intst_rate
-------------------------------------------------------------
      Percentiles      Smallest
 1%            0              0
 5%            0              0
10%            0              0       Obs              94,420
25%     .0091667              0       Sum of Wgt.   1,176,409

50%     .0133333                      Mean           .0187193
                        Largest       Std. Dev.      .0180281
75%          .03       .2166667
90%          .05       .2166667       Variance        .000325
95%          .05            .25       Skewness       2.044221
99%           .1            .25       Kurtosis       10.44558

. replace intst_rate  = . if intst_rate > r(p95)
(2,477 real changes made, 2,477 to missing)

. 
. *loan borrowing date. 
. gen month = real(B15_2_q2)
(331 missing values generated)

. gen year = B15_2_q3
(6 missing values generated)

. destring(year),replace
year: all characters numeric; replaced as int
(6 missing values generated)

. 
. gen date_loan = ym(year,month)
(333 missing values generated)

. format date_loan %tmMCY

. 
. merge m:1 HHID using "${root}\Data Output Files\NSS59_All.dta"

    Result                           # of obs.
    -----------------------------------------
    not matched                        71,646
        from master                         0  (_merge==1)
        from using                     71,646  (_merge==2)

    matched                            97,287  (_merge==3)
    -----------------------------------------

. drop _merge

. 
. gen loan_age = date_survey - date_loan //laon from borrow to date of survey, in month.
(71,980 missing values generated)

. replace loan_age = . if loan_age < 0 
(177 real changes made, 177 to missing)

. 
. sum loan_age [aw = Weight],de

                          loan_age
-------------------------------------------------------------
      Percentiles      Smallest
 1%            0              0
 5%            1              0
10%            2              0       Obs              96,776
25%            5              0       Sum of Wgt.   1,195,635

50%           12                      Mean            22.5689
                        Largest       Std. Dev.       35.7621
75%           26            460
90%           54            509       Variance       1278.928
95%           82           1099       Skewness       80.34674
99%          157          12030       Kurtosis       26114.71

. replace loan_age  = . if loan_age > r(p99)
(1,259 real changes made, 1,259 to missing)

. 
. *houseing mortgage amount
. foreach var in debt debt_todt borrow {
  2.   replace `var' = 0 if mi(`var')
  3. }
(115,211 real changes made)
(115,211 real changes made)
(71,676 real changes made)

. 
. forvalues i = 1/2 {
  2.   foreach var in debt debt_todt borrow repay{
  3.   replace mrtg_`i'_dm = 0 if mi(mrtg_`i'_dm)
  4.   gen mrtg_`i'_`var' = mrtg_`i'_dm*`var'
  5.   }
  6. }
(71,646 real changes made)
(0 real changes made)
(0 real changes made)
(0 real changes made)
(138,375 missing values generated)
(71,646 real changes made)
(0 real changes made)
(0 real changes made)
(0 real changes made)
(138,375 missing values generated)

. 
. //mdesc mrtg_*
. 
. *household feature
. replace urban = urban*100 
(61,218 real changes made)

. 
. *monthly payment. 
. gen date_temp = ym(2003,1)

. gen repay_mt = date_survey - date_temp //01.01.2003 to date of survey
(1 missing value generated)

. 
. drop date_temp

. //tab repay_mt 
. 
. forvalues i=1/2  {
  2. gen double repay_mt_`i' = mrtg_`i'_repay/repay_mt //monthly payment calculation
  3. }
(139,304 missing values generated)
(139,304 missing values generated)

. 
. forvalues i = 1/2 {
  2. mdesc repay_mt_`i' repay_mt mrtg_`i'_repay //check missing values. 54% on repay information
  3. }

    Variable    |     Missing          Total     Percent Missing
----------------+-----------------------------------------------
     repay_mt_1 |     139,304        168,933          82.46
       repay_mt |           1        168,933           0.00
   mrtg_1_repay |     138,375        168,933          81.91
----------------+-----------------------------------------------

    Variable    |     Missing          Total     Percent Missing
----------------+-----------------------------------------------
     repay_mt_2 |     139,304        168,933          82.46
       repay_mt |           1        168,933           0.00
   mrtg_2_repay |     138,375        168,933          81.91
----------------+-----------------------------------------------

. 
. *loan period estimation 
. forvalues i = 1/2 {
  2. gen double loan_period_`i'= - ln(1 - mrtg_`i'_borrow *intst_rate * (1/repay_mt_`i')) / ln(1+ intst_rate)
  3. sum loan_period_`i' [aw = Weight],de
  4. replace loan_period_`i' = . if loan_period_`i' > r(p99) //exclude the ourliers 
  5. }
(167,454 missing values generated)

                        loan_period_1
-------------------------------------------------------------
      Percentiles      Smallest
 1%     4.421997              0
 5%     9.657575       .3444776
10%     17.72157       .3725366       Obs               1,479
25%     35.70069       2.159462       Sum of Wgt.  14,239.244

50%     72.90022                      Mean           129.6506
                        Largest       Std. Dev.      219.2291
75%     132.9996       1868.778
90%     208.9821       1868.778       Variance       48061.41
95%     593.8871       1893.018       Skewness       4.999852
99%      1183.21       3532.073       Kurtosis       37.53627
(15 real changes made, 15 to missing)
(158,414 missing values generated)

                        loan_period_2
-------------------------------------------------------------
      Percentiles      Smallest
 1%     2.840366       .2574632
 5%     6.356915       .3444776
10%     9.429117       .7353665       Obs              10,519
25%     20.92621       .8942601       Sum of Wgt.  126,112.75

50%     43.80664                      Mean           187.8966
                        Largest       Std. Dev.      303.8177
75%     141.3344       3532.073
90%     595.9769       3532.073       Variance       92305.17
95%     889.5972       3532.073       Skewness       2.234038
99%      1183.21       3532.073       Kurtosis         9.1022
(79 real changes made, 79 to missing)

. 
. sum loan_period_*

    Variable |        Obs        Mean    Std. Dev.       Min        Max
-------------+---------------------------------------------------------
loan_perio~1 |      1,464    110.0414    148.2565          0    1183.21
loan_perio~2 |     10,440    149.2953    245.5004   .2574632    1183.21

. 
. forvalues i = 1/2 {
  2. mdesc loan_period_`i' mrtg_`i'_borrow intst_rate repay_mt_`i' if mrtg_`i'_borrow > 0  //check missing value: 97% loan period missing. 
  3. }

    Variable    |     Missing          Total     Percent Missing
----------------+-----------------------------------------------
   loan_perio~1 |       3,324          4,787          69.44
   mrtg_1_bor~w |           0          4,787           0.00
     intst_rate |         180          4,787           3.76
     repay_mt_1 |       2,672          4,787          55.82
----------------+-----------------------------------------------

    Variable    |     Missing          Total     Percent Missing
----------------+-----------------------------------------------
   loan_perio~2 |      43,210         53,650          80.54
   mrtg_2_bor~w |           0         53,650           0.00
     intst_rate |       3,572         53,650           6.66
     repay_mt_2 |      35,700         53,650          66.54
----------------+-----------------------------------------------

. 
. 
. *the loan is subsidized 
. gen loan_sub = (B15_2_q7 != "09")*100 

. 
. *label variables
. label var urban "Urban Household (%)"

. label var hhsize "Household Size"

. label var head_age "Household Head Age"

. label var head_female "Female Household Head (%)"

. label var loan_sub "Subsidized (%)"

. 
. save "${r_output}\b15_hse_mortgage",replace
file C:\Users\wb500886\OneDrive - WBG\7_Housing\survey_all\nss_data\NSS59\Data Output Files\b15_hse_mortgage.dta saved

. 
. ***********************************************
. ***Table 1. Homewoners
. ***********************************************
. use "${r_output}\b15_hse_mortgage",clear

. 
. //keep if building_dwelling > 0 //only focus on home owner.
. 
. foreach type in mrtg_1_dm mrtg_2_dm mrtg_1_debt mrtg_2_debt mrtg_1_borrow mrtg_2_borrow mrtg_1_repay mrtg_2_repay{ 
  2. egen double total_`type' = sum(`type'), by(HHID)
  3. } 

. 
. bys HHID: keep if _n == 1 // keep only one observation for each HH
(25,648 observations deleted)

. 
. /* Table Content:
> a. Value of Residential Real Estate where HH is Dwelling
> b. Value of Land Associated with #a
> c. Value of Building with #a
> d. Size in square of feet of building of #a
> e. Total assets of these people (median median) //using as quintile. 
> f. Percent of assets of residential RE in total assets 
> g) Who are these people? (i) urban, (ii) hh size, (iii) gender, (iv) age
> h. How many (%) of these had a mortgage (paid off) /Mortgage holders
> */
. 
. *Variables to generate
. replace building_dwelling_area = building_dwelling_area*10.76 //change unit from sq me to sq ft
(119,585 real changes made)

. 
. gen double real_estate_dwelling_share = real_estate_dwelling/asset*100 //f. Percent of assets of residential RE in total assets 
(103 missing values generated)

. 
. gen double land_re_share = land_resid/real_estate_dwelling*100 //percent of land to RE value
(21,478 missing values generated)

. 
. gen double dwell_sqft = building_dwelling/building_dwelling_area*100 //value of dwelling per sq.ft
(23,700 missing values generated)

. 
. forvalues i=1/2  {
  2. gen total_mrtg_`i' = (total_mrtg_`i'_dm > 0)*100 //h. How many (%) of these had a mortgage during the survey period. 
  3. }

. 
. *label the key variables //Primary Residential Real Estate (PRRE)
. label var real_estate_dwelling "Total PRRE Value"

. label var land_resid "Land PRRE Value"

. label var land_re_share "Share of Land PRRE Value in Total PRRE Value (%)"

. label var building_dwelling "Building PRRE Value"

. label var building_dwelling_area "Size of Builing of PRRE"

. label var dwell_sqft "PRRE Value in INR / Sq Ft (Sq ft is of building value)"

. label var asset "Total Assets"

. label var real_estate_dwelling_share "PRRE Value in Total Assets (%)"

. label var total_mrtg_1 "Mortgage Holders_1 (%)"

. label var total_mrtg_2 "Mortgage Holders_2 (%)"

. 
. 
. *create the table 
. global var_tab_1 "real_estate_dwelling land_resid land_re_share building_dwelling building_dwelling_area dwell_sqft real_estate_dwelling_share urban hhsize head_female head_age total_mrtg_1 total_mrtg_2"

. 
. foreach var in $var_tab_1  {
  2. replace `var' = . if building_dwelling == 0 | mi(building_dwelling) //only focus on home owner.
  3. }
(23,636 real changes made, 23,636 to missing)
(23,636 real changes made, 23,636 to missing)
(2,158 real changes made, 2,158 to missing)
(23,636 real changes made, 23,636 to missing)
(755 real changes made, 755 to missing)
(22 real changes made, 22 to missing)
(23,533 real changes made, 23,533 to missing)
(23,636 real changes made, 23,636 to missing)
(23,636 real changes made, 23,636 to missing)
(23,636 real changes made, 23,636 to missing)
(23,634 real changes made, 23,634 to missing)
(23,636 real changes made, 23,636 to missing)
(23,636 real changes made, 23,636 to missing)

. 
. mdesc $var_tab_1 //check missing valuee

    Variable    |     Missing          Total     Percent Missing
----------------+-----------------------------------------------
   real_estat~g |      23,636        143,285          16.50
     land_resid |      23,636        143,285          16.50
   land_re_sh~e |      23,636        143,285          16.50
   building_d~g |      23,636        143,285          16.50
   building_d~a |      23,636        143,285          16.50
     dwell_sqft |      23,722        143,285          16.56
   real_esta~re |      23,636        143,285          16.50
          urban |      23,636        143,285          16.50
         hhsize |      23,636        143,285          16.50
    head_female |      23,639        143,285          16.50
       head_age |      23,660        143,285          16.51
   total_mrtg_1 |      23,636        143,285          16.50
   total_mrtg_2 |      23,636        143,285          16.50
----------------+-----------------------------------------------

. 
. gen owner = (building_dwelling > 0 & !mi(building_dwelling))*100

. replace owner = 0 if mi(building_dwelling)
(0 real changes made)

. 
. //tab owner //obvservations with none of the value mssing. 
. label var owner "Home Ownership (%)"

. 
. qui eststo total : estpost summarize $var_tab_1 owner [aw = hhwgt],de

. qui eststo urban : estpost summarize $var_tab_1 owner [aw = hhwgt] if sector == 2,de

. //qui eststo mega : estpost summarize $var_tab_1 owner [aw = hhwgt] if mega_dc == 1,de
. qui eststo rural : estpost summarize $var_tab_1 owner [aw = hhwgt] if sector == 1,de

. forvalues i = 1/5 {
  2. qui eststo q`i' : estpost summarize $var_tab_1 owner [aw = hhwgt] if qtl == `i',de
  3. }

. 
. esttab total urban rural q1 q2 q3 q4 q5, cells(mean(fmt(%15.0fc))) label collabels(none) ///
>  mtitles("All" "Urban" "Rural" "Q1" "Q2" "Q3" "Q4" "Q5") stats(N, label("Observations") fmt(%15.0gc)) /// 
>  title("Table 1.1 Summary Statistics of Homeowners by Wealth Quintile(mean)") varwidth(40) ///
>  addnote("Notes: Households weighted by survey weights." ///
>  "       Homeowners are households own residential building used as dwelling by household members." ///
>  "       Real estate includes dwelling and urban and rural land used as residential area." )

Table 1.1 Summary Statistics of Homeowners by Wealth Quintile(mean)
------------------------------------------------------------------------------------------------------------------------------------------------
                                                  (1)          (2)          (3)          (4)          (5)          (6)          (7)          (8)
                                                  All        Urban        Rural           Q1           Q2           Q3           Q4           Q5
------------------------------------------------------------------------------------------------------------------------------------------------
Total PRRE Value                              154,623      399,417       90,845       16,956       38,414       68,941      125,783      444,177
Land PRRE Value                                59,037      173,015       29,341        6,008       12,762       22,889       42,014      180,733
Share of Land PRRE Value in Total PRRE V           33           39           31           35           33           32           32           33
Building PRRE Value                            95,587      226,402       61,504       10,948       25,651       46,052       83,769      263,444
Size of Builing of PRRE                           538          611          519          258          341          450          574          915
PRRE Value in INR / Sq Ft (Sq ft is of b       81,226      202,857       49,585       18,148       32,547       67,394       87,509      166,451
PRRE Value in Total Assets (%)                     56           75           51           74           67           56           48           44
Urban Household (%)                                21          100            0            8           12           17           22           37
Household Size                                      5            5            5            4            5            5            5            6
Female Household Head (%)                          11           11           11           16           13           10            9            8
Household Head Age                                 46           47           45           42           42           45           47           51
Mortgage Holders_1 (%)                              2            4            2            1            2            2            3            4
Mortgage Holders_2 (%)                             23           22           23           29           26           24           21           17
Home Ownership (%)                                 85           65           93           52           88           93           95           97
------------------------------------------------------------------------------------------------------------------------------------------------
Observations                                  143,285       52,093       91,192       29,761       26,608       26,899       28,598       31,419
------------------------------------------------------------------------------------------------------------------------------------------------
Notes: Households weighted by survey weights.
       Homeowners are households own residential building used as dwelling by household members.
       Real estate includes dwelling and urban and rural land used as residential area.

. 
. esttab total urban rural q1 q2 q3 q4 q5, cells(p50(fmt(%15.0fc))) label collabels(none) ///
>  mtitles("All" "Urban"  "Rural"  "Q1" "Q2" "Q3" "Q4" "Q5") stats(N, label("Observations") fmt(%15.0gc)) /// 
>  title("Table 1.2 Summary Statistics of Homeowners by Wealth Quintile (med)") varwidth(40) ///
>  addnote("Notes: Households weighted by survey weights." ///
>  "       Homeowners are households own residential building used as dwelling by household members." ///
>  "       Real estate includes dwelling and urban and rural land used as residential area." )

Table 1.2 Summary Statistics of Homeowners by Wealth Quintile (med)
------------------------------------------------------------------------------------------------------------------------------------------------
                                                  (1)          (2)          (3)          (4)          (5)          (6)          (7)          (8)
                                                  All        Urban        Rural           Q1           Q2           Q3           Q4           Q5
------------------------------------------------------------------------------------------------------------------------------------------------
Total PRRE Value                               65,000      200,820       52,000       15,000       36,000       65,000      104,000      275,000
Land PRRE Value                                16,000       65,000       12,000        4,000       10,000       15,000       25,000       60,000
Share of Land PRRE Value in Total PRRE V           30           39           28           33           31           29           28           30
Building PRRE Value                            40,000      120,000       35,000        9,000       25,000       40,000       70,000      175,000
Size of Builing of PRRE                           377          430          375          200          269          350          450          699
PRRE Value in INR / Sq Ft (Sq ft is of b       11,715       27,299        9,875        4,089        8,328       11,356       14,990       24,783
PRRE Value in Total Assets (%)                     56           82           47           80           73           53           42           35
Urban Household (%)                                 0          100            0            0            0            0            0            0
Household Size                                      5            5            5            4            4            5            5            5
Female Household Head (%)                           0            0            0            0            0            0            0            0
Household Head Age                                 45           45           45           40           40           42           45           50
Mortgage Holders_1 (%)                              0            0            0            0            0            0            0            0
Mortgage Holders_2 (%)                              0            0            0            0            0            0            0            0
Home Ownership (%)                                100          100          100          100          100          100          100          100
------------------------------------------------------------------------------------------------------------------------------------------------
Observations                                  143,285       52,093       91,192       29,761       26,608       26,899       28,598       31,419
------------------------------------------------------------------------------------------------------------------------------------------------
Notes: Households weighted by survey weights.
       Homeowners are households own residential building used as dwelling by household members.
       Real estate includes dwelling and urban and rural land used as residential area.

. 
. 
. ***********************************************
. *** Table 2. Table of Mortgages
. ***********************************************
. use "${r_output}\b15_hse_mortgage",clear

. 
. *all of the mortgages are those active during survey period.
. forvalues i = 1/2 {
  2. egen closed_`i' = rowtotal(mrtg_`i'_debt mrtg_`i'_debt_todt mrtg_`i'_repay)
  3. replace closed_`i' = (closed_`i' == 0)*100 //less than 1 percent loan is paid off. 
  4. sum  closed_`i' if mrtg_`i'_borrow > 0  
  5. drop closed_`i'
  6. }
(168,933 real changes made)

    Variable |        Obs        Mean    Std. Dev.       Min        Max
-------------+---------------------------------------------------------
    closed_1 |      4,787    21.20326    40.87905          0        100
(168,933 real changes made)

    Variable |        Obs        Mean    Std. Dev.       Min        Max
-------------+---------------------------------------------------------
    closed_2 |     53,650    33.18919    47.08968          0        100

. 
. /*
> a) value of loan taken at inception (mortgage value) - amount borrowed
> b) Term of loan (calculated) 
> c) Interest rate (given)
> d) Monthly payment (calculate)
> e) Is it subsidized (column 7)
> f) count of mortgages - 100? 200? N. Number of observations 
> g) Who are these people? (i) urban, (ii) hh size, (iii) gender, (iv) age
> */
. 
. replace intst_rate = intst_rate*100*12
(70,107 real changes made)

. 
. label var mrtg_1_borrow "Mortgage Value at Inception_1"

. label var mrtg_2_borrow "Mortgage Value at Inception_2"

. label var loan_period_1 "Term of Loan_1 (mt)"

. label var loan_period_2 "Term of Loan_2 (mt)"

. label var intst_rate "Interest rate (%)"

. label var repay_mt_1 "Monthly Payment_1"

. label var repay_mt_2 "Monthly Payment_2"

. 
. *create the table 
. global var_tab_2 "intst_rate loan_sub urban hhsize head_female head_age"

. 
. forvalues x = 1/2 {
  2. mdesc intst_rate mrtg_`x'_borrow loan_period_`x' repay_mt_`x'
  3. }

    Variable    |     Missing          Total     Percent Missing
----------------+-----------------------------------------------
     intst_rate |      76,990        168,933          45.57
   mrtg_1_bor~w |           0        168,933           0.00
   loan_perio~1 |     167,469        168,933          99.13
     repay_mt_1 |     139,304        168,933          82.46
----------------+-----------------------------------------------

    Variable    |     Missing          Total     Percent Missing
----------------+-----------------------------------------------
     intst_rate |      76,990        168,933          45.57
   mrtg_2_bor~w |           0        168,933           0.00
   loan_perio~2 |     158,493        168,933          93.82
     repay_mt_2 |     139,304        168,933          82.46
----------------+-----------------------------------------------

. 
. forvalues x = 1/2 {
  2. gen double obs_`x' = (intst_rate + loan_sub + urban + hhsize + head_female + head_age + mrtg_`x'_borrow + loan_period_`x' + repay_mt_`x') != . //obsevations will full loan information
  3. mdesc intst_rate loan_sub urban hhsize head_female head_age mrtg_`x'_borrow loan_period_`x' repay_mt_`x' if mrtg_`x'_borrow > 0 & obs_`x' == 1
  4. }

    Variable    |     Missing          Total     Percent Missing
----------------+-----------------------------------------------
     intst_rate |           0          1,463           0.00
       loan_sub |           0          1,463           0.00
          urban |           0          1,463           0.00
         hhsize |           0          1,463           0.00
    head_female |           0          1,463           0.00
       head_age |           0          1,463           0.00
   mrtg_1_bor~w |           0          1,463           0.00
   loan_perio~1 |           0          1,463           0.00
     repay_mt_1 |           0          1,463           0.00
----------------+-----------------------------------------------

    Variable    |     Missing          Total     Percent Missing
----------------+-----------------------------------------------
     intst_rate |           0         10,439           0.00
       loan_sub |           0         10,439           0.00
          urban |           0         10,439           0.00
         hhsize |           0         10,439           0.00
    head_female |           0         10,439           0.00
       head_age |           0         10,439           0.00
   mrtg_2_bor~w |           0         10,439           0.00
   loan_perio~2 |           0         10,439           0.00
     repay_mt_2 |           0         10,439           0.00
----------------+-----------------------------------------------

. 
. tab year,sort //select the year cut for loan borrow year.

       year |      Freq.     Percent        Cum.
------------+-----------------------------------
       2002 |     40,596       41.73       41.73
       2003 |     21,138       21.73       63.46
       2001 |     13,295       13.67       77.13
       2000 |      7,426        7.63       84.76
       1999 |      4,030        4.14       88.90
       1998 |      3,165        3.25       92.16
       1997 |      1,649        1.70       93.85
       1996 |      1,147        1.18       95.03
       1995 |      1,110        1.14       96.17
       1993 |        735        0.76       96.93
       1992 |        537        0.55       97.48
       1994 |        519        0.53       98.01
       1990 |        414        0.43       98.44
       1991 |        356        0.37       98.80
       1988 |        312        0.32       99.12
       1989 |        184        0.19       99.31
       1987 |        147        0.15       99.46
       1985 |        130        0.13       99.60
       1986 |        111        0.11       99.71
       1983 |         62        0.06       99.78
       1984 |         57        0.06       99.83
       1982 |         46        0.05       99.88
       1980 |         32        0.03       99.91
       1981 |         14        0.01       99.93
       1978 |         13        0.01       99.94
       1975 |          7        0.01       99.95
       1976 |          6        0.01       99.96
       2004 |          6        0.01       99.96
       1973 |          4        0.00       99.97
       1977 |          4        0.00       99.97
       1969 |          3        0.00       99.97
       1970 |          3        0.00       99.98
       1972 |          3        0.00       99.98
       1979 |          3        0.00       99.98
       2020 |          3        0.00       99.99
       1965 |          2        0.00       99.99
       1974 |          2        0.00       99.99
       2005 |          2        0.00       99.99
          2 |          1        0.00       99.99
          3 |          1        0.00       99.99
       1000 |          1        0.00       99.99
       1911 |          1        0.00      100.00
       1960 |          1        0.00      100.00
       1968 |          1        0.00      100.00
       2008 |          1        0.00      100.00
       2010 |          1        0.00      100.00
------------+-----------------------------------
      Total |     97,281      100.00

. 
. forvalues i = 1992(2)2003 {
  2. local j = `i' + 1 
  3. dis `i' "-"`j'
  4.   forvalues x = 1/2 {
  5.   qui eststo total_`x' : estpost summarize mrtg_`x'_borrow loan_period_`x' repay_mt_`x' $var_tab_2 [aw = hhwgt] if mrtg_`x'_borrow > 0 & obs_`x' == 1,de
  6.   qui eststo yr_`j'_`x' : estpost summarize mrtg_`x'_borrow loan_period_`x' repay_mt_`x' $var_tab_2 [aw = hhwgt] if inrange(year,`i',`j') & mrtg_`x'_borrow > 0 & obs_`x' == 1,de
  7.   qui eststo yr_1991_`x' : estpost summarize mrtg_`x'_borrow loan_period_`x' repay_mt_`x' $var_tab_2 [aw = hhwgt] if year<1992 & mrtg_`x'_borrow > 0 & obs_`x' == 1,de
  8.   }
  9. }
1992-1993
1994-1995
1996-1997
1998-1999
2000-2001
2002-2003

. 
. forvalues x = 1/2 {
  2. esttab total_`x' yr_2003_`x' yr_2001_`x' yr_1999_`x' yr_1997_`x' yr_1995_`x' yr_1993_`x' yr_1991_`x', cells(mean(fmt(%15.0fc))) label collabels(none) ///
>  mtitles("All" "2002-2003" "2000-2001" "1998-1999" "1996-1997" "1994-1995" "1992-1993" "<1992") stats(N, label("Observations") fmt(%15.0gc)) ///
>  title("Table 2.1 Summary Statistics of Mortgages (mean)_`x' by Borrowed Year") varwidth(25) ///
>  addnotes("Notes: Households weighted by survey weights."  ///
>           "       The term of loan is imputed by monthly payment, interest rate, and the mortgage value at inception." ///
>                   "       The monthly payment is estimated by the amount repaid divide during 1/1/2003 to date of survey.")
  3. }

Table 2.1 Summary Statistics of Mortgages (mean)_1 by Borrowed Year
---------------------------------------------------------------------------------------------------------------------------------
                                   (1)          (2)          (3)          (4)          (5)          (6)          (7)          (8)
                                   All    2002-2003    2000-2001    1998-1999    1996-1997    1994-1995    1992-1993        <1992
---------------------------------------------------------------------------------------------------------------------------------
Mortgage Value at Incep~1      122,071      121,147      125,782       97,459      108,005      116,378      181,960      158,016
Term of Loan_1 (mt)                119          100          133          132          143          174          138          152
Monthly Payment_1                3,030        2,614        3,309        2,129        7,447        1,805        3,682        2,257
Interest rate (%)                   15           16           16           17           11           11            9           11
Subsidized (%)                     100          100          100          100          100          100          100          100
Urban Household (%)                 55           51           55           53           52           89           92           74
Household Size                       5            5            5            5            4            4            3            4
Female Household Head (%)            8           10            8            7            7            1            0           14
Household Head Age                  48           47           50           47           46           47           54           53
---------------------------------------------------------------------------------------------------------------------------------
Observations                     1,463          662          475          159           67           43           25           32
---------------------------------------------------------------------------------------------------------------------------------
Notes: Households weighted by survey weights.
       The term of loan is imputed by monthly payment, interest rate, and the mortgage value at inception.
       The monthly payment is estimated by the amount repaid divide during 1/1/2003 to date of survey.

Table 2.1 Summary Statistics of Mortgages (mean)_2 by Borrowed Year
---------------------------------------------------------------------------------------------------------------------------------
                                   (1)          (2)          (3)          (4)          (5)          (6)          (7)          (8)
                                   All    2002-2003    2000-2001    1998-1999    1996-1997    1994-1995    1992-1993        <1992
---------------------------------------------------------------------------------------------------------------------------------
Mortgage Value at Incep~2       34,886       26,331       48,322       43,254       68,422       88,785       73,611       88,988
Term of Loan_2 (mt)                179          166          198          206          257          264          158          228
Monthly Payment_2                1,114          918        1,443        1,207        3,387        1,384        1,392        1,169
Interest rate (%)                   26           27           24           24           20           20           35           11
Subsidized (%)                     100          100          100          100          100          100          100          100
Urban Household (%)                 42           40           42           45           43           79           40           79
Household Size                       5            5            5            5            5            4            4            5
Female Household Head (%)            9           11            8            7            4            6            0            3
Household Head Age                  45           45           45           46           44           47           49           49
---------------------------------------------------------------------------------------------------------------------------------
Observations                    10,439        6,529        2,704          705          215          118           72           96
---------------------------------------------------------------------------------------------------------------------------------
Notes: Households weighted by survey weights.
       The term of loan is imputed by monthly payment, interest rate, and the mortgage value at inception.
       The monthly payment is estimated by the amount repaid divide during 1/1/2003 to date of survey.

. 
. forvalues x = 1/2 {
  2. esttab total_`x' yr_2003_`x' yr_2001_`x' yr_1999_`x' yr_1997_`x' yr_1995_`x' yr_1993_`x' yr_1991_`x', cells(p50(fmt(%15.0fc))) label collabels(none) ///
>  mtitles("All" "2002-2003" "2000-2001" "1998-1999" "1996-1997" "1994-1995" "1992-1993" "<1992") stats(N, label("Observations") fmt(%15.0gc)) ///
>  title("Table 2.2 Summary Statistics of Mortgages (med)_`x' by Borrowed Year") varwidth(25) ///
>  addnotes("Notes: Households weighted by survey weights." ///
>           "       The term of loan is imputed by monthly payment, interest rate, and the mortgage value at inception." ///
>                   "       The monthly payment is estimated by the amount repaid divide during 1/1/2003 to date of survey.")
  3. }

Table 2.2 Summary Statistics of Mortgages (med)_1 by Borrowed Year
---------------------------------------------------------------------------------------------------------------------------------
                                   (1)          (2)          (3)          (4)          (5)          (6)          (7)          (8)
                                   All    2002-2003    2000-2001    1998-1999    1996-1997    1994-1995    1992-1993        <1992
---------------------------------------------------------------------------------------------------------------------------------
Mortgage Value at Incep~1       60,000       50,000       65,000       65,000      100,000      110,000      225,000       80,000
Term of Loan_1 (mt)                 72           54           79           70          150          113           65          134
Monthly Payment_1                1,750        1,650        2,025        1,200        1,650        1,500        3,750        1,100
Interest rate (%)                   13           13           14           14           11           12            6           12
Subsidized (%)                     100          100          100          100          100          100          100          100
Urban Household (%)                100          100          100          100          100          100          100          100
Household Size                       5            5            5            4            4            4            3            4
Female Household Head (%)            0            0            0            0            0            0            0            0
Household Head Age                  48           47           50           48           47           47           60           52
---------------------------------------------------------------------------------------------------------------------------------
Observations                     1,463          662          475          159           67           43           25           32
---------------------------------------------------------------------------------------------------------------------------------
Notes: Households weighted by survey weights.
       The term of loan is imputed by monthly payment, interest rate, and the mortgage value at inception.
       The monthly payment is estimated by the amount repaid divide during 1/1/2003 to date of survey.

Table 2.2 Summary Statistics of Mortgages (med)_2 by Borrowed Year
---------------------------------------------------------------------------------------------------------------------------------
                                   (1)          (2)          (3)          (4)          (5)          (6)          (7)          (8)
                                   All    2002-2003    2000-2001    1998-1999    1996-1997    1994-1995    1992-1993        <1992
---------------------------------------------------------------------------------------------------------------------------------
Mortgage Value at Incep~2       10,000        8,000       20,000       15,000       30,000       70,000       10,000       50,000
Term of Loan_2 (mt)                 43           37           58           55          111          214           62          145
Monthly Payment_2                  450          375          600          500          800        1,176          750          565
Interest rate (%)                   24           24           19           24           15           12           36            9
Subsidized (%)                     100          100          100          100          100          100          100          100
Urban Household (%)                  0            0            0            0            0          100            0          100
Household Size                       5            4            5            5            4            4            5            5
Female Household Head (%)            0            0            0            0            0            0            0            0
Household Head Age                  45           45           44           45           45           46           42           48
---------------------------------------------------------------------------------------------------------------------------------
Observations                    10,439        6,529        2,704          705          215          118           72           96
---------------------------------------------------------------------------------------------------------------------------------
Notes: Households weighted by survey weights.
       The term of loan is imputed by monthly payment, interest rate, and the mortgage value at inception.
       The monthly payment is estimated by the amount repaid divide during 1/1/2003 to date of survey.

. 
. 
. 
. *******************************************************************
. *** Table 3. Table of Mortgages feature by wealth quintile
. *******************************************************************
. /*
> *check the cases where one household have several mortgages. 
> use "${r_output}\b14_hse_mortgage",clear
> 
> forvalues i = 1/2 { 
> egen double mrtg_`i'_n = sum(mrtg_`i'_dm) if mrtg_`i'_borrow > 0, by(HHID)
> } 
> 
> 
> forvalues i = 1/2 { 
> tab mrtg_`i'_n if mrtg_`i'_borrow > 0 //more than 70% only with 1 housing mortgage
> }
> 
> br HHID mrtg_1_borrow if mrtg_1_n > 1 & mrtg_1_borrow  > 0 //there are cases with multiple same amount mortgages.
> */
. 
. *generate the mortgage status by household wealth status. 
. use "${r_output}\b15_hse_mortgage",clear

. 
. label var mrtg_1_borrow "Mortgage Value at Inception_1"

. label var mrtg_2_borrow "Mortgage Value at Inception_2"

. label var loan_period_1 "Term of Loan_1 (mt)"

. label var loan_period_2 "Term of Loan_2 (mt)"

. label var intst_rate "Interest rate (%)"

. label var repay_mt_1 "Monthly Payment_1"

. label var repay_mt_2 "Monthly Payment_2"

. 
. replace intst_rate = intst_rate*100*12
(70,107 real changes made)

. 
. *check the missings. 
. forvalues x = 1/2 {
  2. gen double obs_`x' = (intst_rate + loan_sub + urban + hhsize + head_female + head_age + mrtg_`x'_borrow + loan_period_`x' + repay_mt_`x') != . //obsevations will full loan information
  3. mdesc intst_rate loan_sub urban hhsize head_female head_age mrtg_`x'_borrow loan_period_`x' repay_mt_`x' if mrtg_`x'_borrow > 0 & obs_`x' == 1
  4. }

    Variable    |     Missing          Total     Percent Missing
----------------+-----------------------------------------------
     intst_rate |           0          1,463           0.00
       loan_sub |           0          1,463           0.00
          urban |           0          1,463           0.00
         hhsize |           0          1,463           0.00
    head_female |           0          1,463           0.00
       head_age |           0          1,463           0.00
   mrtg_1_bor~w |           0          1,463           0.00
   loan_perio~1 |           0          1,463           0.00
     repay_mt_1 |           0          1,463           0.00
----------------+-----------------------------------------------

    Variable    |     Missing          Total     Percent Missing
----------------+-----------------------------------------------
     intst_rate |           0         10,439           0.00
       loan_sub |           0         10,439           0.00
          urban |           0         10,439           0.00
         hhsize |           0         10,439           0.00
    head_female |           0         10,439           0.00
       head_age |           0         10,439           0.00
   mrtg_2_bor~w |           0         10,439           0.00
   loan_perio~2 |           0         10,439           0.00
     repay_mt_2 |           0         10,439           0.00
----------------+-----------------------------------------------

. 
. *creat the tables. 
. forvalues i = 1(1)5 {
  2.   forvalues x = 1/2 {
  3.     qui eststo total_`x' : estpost summarize mrtg_`x'_borrow loan_period_`x' repay_mt_`x' $var_tab_2 [aw = hhwgt] if mrtg_`x'_borrow > 0 & obs_`x' == 1,de
  4.     qui eststo qtl_`i'_`x' : estpost summarize mrtg_`x'_borrow loan_period_`x' repay_mt_`x' $var_tab_2 [aw = hhwgt] if qtl == `i' & mrtg_`x'_borrow > 0 & obs_`x' == 1,de
  5.   }
  6. }

. 
. forvalues x = 1/2 {
  2. esttab total_`x' qtl_1_`x' qtl_2_`x' qtl_3_`x' qtl_4_`x' qtl_5_`x', cells(mean(fmt(%15.0fc))) label collabels(none) ///
>  mtitles("All" "Q1" "Q2" "Q3" "Q4" "Q5") stats(N, label("Observations") fmt(%15.0gc)) ///
>  title("Table 3.1 Summary Statistics of Mortgages (mean)_`x' by Wealth Quintile") varwidth(40) ///
>  addnotes("Notes: Households weighted by survey weights.",  ///
>           "       The term of loan is imputed by monthly payment, interest rate, and the mortgage value at inception.")
  3. }

Table 3.1 Summary Statistics of Mortgages (mean)_1 by Wealth Quintile
----------------------------------------------------------------------------------------------------------------------
                                                  (1)          (2)          (3)          (4)          (5)          (6)
                                                  All           Q1           Q2           Q3           Q4           Q5
----------------------------------------------------------------------------------------------------------------------
Mortgage Value at Inception_1                 122,071      123,212       44,957       42,788       98,611      168,409
Term of Loan_1 (mt)                               119          236           70          149          138          101
Monthly Payment_1                               3,030        3,081        1,115        3,189        2,145        3,761
Interest rate (%)                                  15           21           22           18           15           13
Subsidized (%)                                    100          100          100          100          100          100
Urban Household (%)                                55           51           26           35           51           68
Household Size                                      5            4            5            5            4            5
Female Household Head (%)                           8           11            5           13            8            7
Household Head Age                                 48           43           40           49           47           51
----------------------------------------------------------------------------------------------------------------------
Observations                                    1,463           74           93          223          334          739
----------------------------------------------------------------------------------------------------------------------
Notes: Households weighted by survey weights.
,
       The term of loan is imputed by monthly payment, interest rate, and the mortgage value at inception.

Table 3.1 Summary Statistics of Mortgages (mean)_2 by Wealth Quintile
----------------------------------------------------------------------------------------------------------------------
                                                  (1)          (2)          (3)          (4)          (5)          (6)
                                                  All           Q1           Q2           Q3           Q4           Q5
----------------------------------------------------------------------------------------------------------------------
Mortgage Value at Inception_2                  34,886       12,611       14,049       18,751       36,626       84,716
Term of Loan_2 (mt)                               179          214          216          166          165          142
Monthly Payment_2                               1,114          522          611          965        1,178        2,138
Interest rate (%)                                  26           35           28           28           22           17
Subsidized (%)                                    100          100          100          100          100          100
Urban Household (%)                                42           39           29           34           43           60
Household Size                                      5            4            5            5            5            5
Female Household Head (%)                           9           15           10            8            8            6
Household Head Age                                 45           41           42           48           46           49
----------------------------------------------------------------------------------------------------------------------
Observations                                   10,439        1,958        1,560        1,791        2,226        2,904
----------------------------------------------------------------------------------------------------------------------
Notes: Households weighted by survey weights.
,
       The term of loan is imputed by monthly payment, interest rate, and the mortgage value at inception.

. 
. forvalues x = 1/2 {
  2. esttab total_`x' qtl_1_`x' qtl_2_`x' qtl_3_`x' qtl_4_`x' qtl_5_`x', cells(p50(fmt(%15.0fc))) label collabels(none) ///
>  mtitles("All" "Q1" "Q2" "Q3" "Q4" "Q5") stats(N, label("Observations") fmt(%15.0gc)) ///
>  title("Table 3.2 Summary Statistics of Mortgages (med)_`x' by Wealth Quintile") varwidth(40) ///
>  addnotes("Notes: Households weighted by survey weights.",  ///
>           "       The term of loan is imputed by monthly payment, interest rate, and the mortgage value at inception.")
  3. }

Table 3.2 Summary Statistics of Mortgages (med)_1 by Wealth Quintile
----------------------------------------------------------------------------------------------------------------------
                                                  (1)          (2)          (3)          (4)          (5)          (6)
                                                  All           Q1           Q2           Q3           Q4           Q5
----------------------------------------------------------------------------------------------------------------------
Mortgage Value at Inception_1                  60,000       40,600       10,000       25,000       50,000      120,000
Term of Loan_1 (mt)                                72          108           32           56           75           79
Monthly Payment_1                               1,750        1,100          600          700        1,617        2,500
Interest rate (%)                                  13           16           14           15           13           12
Subsidized (%)                                    100          100          100          100          100          100
Urban Household (%)                               100          100            0            0          100          100
Household Size                                      5            4            5            5            4            5
Female Household Head (%)                           0            0            0            0            0            0
Household Head Age                                 48           44           40           49           47           49
----------------------------------------------------------------------------------------------------------------------
Observations                                    1,463           74           93          223          334          739
----------------------------------------------------------------------------------------------------------------------
Notes: Households weighted by survey weights.
,
       The term of loan is imputed by monthly payment, interest rate, and the mortgage value at inception.

Table 3.2 Summary Statistics of Mortgages (med)_2 by Wealth Quintile
----------------------------------------------------------------------------------------------------------------------
                                                  (1)          (2)          (3)          (4)          (5)          (6)
                                                  All           Q1           Q2           Q3           Q4           Q5
----------------------------------------------------------------------------------------------------------------------
Mortgage Value at Inception_2                  10,000        5,000        5,800       10,000       15,000       40,000
Term of Loan_2 (mt)                                43           40           37           37           42           55
Monthly Payment_2                                 450          240          300          377          643        1,200
Interest rate (%)                                  24           36           24           24           18           14
Subsidized (%)                                    100          100          100          100          100          100
Urban Household (%)                                 0            0            0            0            0          100
Household Size                                      5            4            4            5            5            5
Female Household Head (%)                           0            0            0            0            0            0
Household Head Age                                 45           40           40           45           46           48
----------------------------------------------------------------------------------------------------------------------
Observations                                   10,439        1,958        1,560        1,791        2,226        2,904
----------------------------------------------------------------------------------------------------------------------
Notes: Households weighted by survey weights.
,
       The term of loan is imputed by monthly payment, interest rate, and the mortgage value at inception.

. 
. *******************************************************************
. *** Table 4. creat the tables for the imputed 
. *******************************************************************
. use "${r_output}\b15_hse_mortgage",clear

. 
. label var mrtg_1_borrow "Mortgage Value at Inception_1"

. label var mrtg_2_borrow "Mortgage Value at Inception_2"

. label var loan_period_1 "Term of Loan_1 (mt)"

. label var loan_period_2 "Term of Loan_2 (mt)"

. label var intst_rate "Interest rate (%)"

. label var repay_mt_1 "Monthly Payment_1"

. label var repay_mt_2 "Monthly Payment_2"

. 
. keep if mrtg_1_borrow > 0 | mrtg_2_borrow > 0 //only keep housing mortgage
(114,754 observations deleted)

. 
. **check missing values
. //loan features: repay_mt_`i' intst_rate loan_period_`i'
. 
. forvalues i = 1/2 {
  2. gen repay_intst_`i' = (repay_mt_`i' + intst_rate)
  3. label var repay_intst_`i' "Both payment and interest exist_`i'"
  4. 
. gen repay_term_`i' = (repay_mt_`i' + loan_period_`i') 
  5. label var repay_term_`i' "Both payment and term of loan exist_`i'"
  6. 
. gen intst_term_`i' = (intst_rate + loan_period_`i') 
  7. label var intst_term_`i' "Both interest and term of loan exist_`i'"
  8. 
. gen repay_intst_term_`i' = (repay_mt_`i' + intst_rate + loan_period_`i') 
  9. label var repay_intst_term_`i' "All the three features exist_`i'"
 10. }
(37,277 missing values generated)
(52,716 missing values generated)
(52,716 missing values generated)
(52,716 missing values generated)
(37,277 missing values generated)
(43,739 missing values generated)
(43,739 missing values generated)
(43,739 missing values generated)

. 
. forvalues i = 1/2 {
  2. //combination missing status. 
. mdesc repay_mt_`i' intst_rate loan_period_`i' repay_intst_`i' repay_term_`i' intst_term_`i' repay_intst_term_`i' 
  3. }

    Variable    |     Missing          Total     Percent Missing
----------------+-----------------------------------------------
     repay_mt_1 |      36,041         54,179          66.52
     intst_rate |       3,596         54,179           6.64
   loan_perio~1 |      52,716         54,179          97.30
   repay_in~t_1 |      37,277         54,179          68.80
   repay_term_1 |      52,716         54,179          97.30
   intst_term_1 |      52,716         54,179          97.30
   repay_in~m_1 |      52,716         54,179          97.30
----------------+-----------------------------------------------

    Variable    |     Missing          Total     Percent Missing
----------------+-----------------------------------------------
     repay_mt_2 |      36,041         54,179          66.52
     intst_rate |       3,596         54,179           6.64
   loan_perio~2 |      43,739         54,179          80.73
   repay_in~t_2 |      37,277         54,179          68.80
   repay_term_2 |      43,739         54,179          80.73
   intst_term_2 |      43,739         54,179          80.73
   repay_in~m_2 |      43,739         54,179          80.73
----------------+-----------------------------------------------

. 
. **impute borrowed amont using payment and insterest rate and demography
. forvalues i = 1/2 {
  2. areg mrtg_`i'_borrow repay_mt_`i' intst_rate urban head_age qtl hhsize,a(year) r
  3. predict mrtg_`i'_borrow_est
  4. replace mrtg_`i'_borrow_est  = . if mrtg_`i'_borrow > 0 | mrtg_`i'_borrow_est<0 //only keep the estimate when the original value is missing. 
  5. sum mrtg_`i'_borrow*
  6. }

Linear regression, absorbing indicators         Number of obs     =     16,900
Absorbed variable: year                         No. of categories =         28
                                                F(   6,  16866)   =      89.28
                                                Prob > F          =     0.0000
                                                R-squared         =     0.1502
                                                Adj R-squared     =     0.1485
                                                Root MSE          = 85540.3972

------------------------------------------------------------------------------
             |               Robust
mrtg_1_bor~w |      Coef.   Std. Err.      t    P>|t|     [95% Conf. Interval]
-------------+----------------------------------------------------------------
  repay_mt_1 |   10.32071   6.121813     1.69   0.092    -1.678688     22.3201
  intst_rate |  -236343.3   40120.34    -5.89   0.000    -314983.3   -157703.2
       urban |   108.9743   11.71785     9.30   0.000     86.00609    131.9425
    head_age |  -116.7419   64.74937    -1.80   0.071    -243.6574    10.17366
         qtl |   6791.496   862.9869     7.87   0.000     5099.951    8483.041
      hhsize |  -867.9611   261.9182    -3.31   0.001    -1381.348   -354.5741
       _cons |  -562.3207    2332.23    -0.24   0.809    -5133.736    4009.094
------------------------------------------------------------------------------
(option xb assumed; fitted values)
(37,279 missing values generated)
(4,966 real changes made, 4,966 to missing)

    Variable |        Obs        Mean    Std. Dev.       Min        Max
-------------+---------------------------------------------------------
mrtg_1_bor~w |     54,179    7455.474    56878.05          0    5000000
mrtg_1_bor~t |     11,934    17269.66    10410.09   5.714217   39638.12

Linear regression, absorbing indicators         Number of obs     =     16,900
Absorbed variable: year                         No. of categories =         28
                                                F(   6,  16866)   =     219.35
                                                Prob > F          =     0.0000
                                                R-squared         =     0.2016
                                                Adj R-squared     =     0.2001
                                                Root MSE          = 99826.1949

------------------------------------------------------------------------------
             |               Robust
mrtg_2_bor~w |      Coef.   Std. Err.      t    P>|t|     [95% Conf. Interval]
-------------+----------------------------------------------------------------
  repay_mt_2 |   10.75941   5.373737     2.00   0.045     .2263252     21.2925
  intst_rate |  -508861.7   70743.58    -7.19   0.000    -647526.5   -370196.9
       urban |   219.9664   24.94742     8.82   0.000     171.0668    268.8659
    head_age |  -163.6815   73.02298    -2.24   0.025    -306.8142   -20.54882
         qtl |   11944.14   1529.479     7.81   0.000     8946.201    14942.08
      hhsize |  -1361.188   314.9311    -4.32   0.000    -1978.486     -743.89
       _cons |   3255.223   2738.194     1.19   0.235    -2111.923    8622.369
------------------------------------------------------------------------------
(option xb assumed; fitted values)
(37,279 missing values generated)
(16,735 real changes made, 16,735 to missing)

    Variable |        Obs        Mean    Std. Dev.       Min        Max
-------------+---------------------------------------------------------
mrtg_2_bor~w |     54,179    23023.16    71493.77          0    5000000
mrtg_2_bor~t |        165    46522.69    18377.25   2675.932   73753.95

. 
. forvalues i = 1/2 {
  2. br mrtg_`i'_borrow_est intst_rate repay_mt_`i' if mrtg_`i'_borrow_est > 0
  3. replace intst_rate = . if intst_rate == 0
  4. replace repay_mt_`i' = . if repay_mt_`i' == 0
  5. gen double obs_`i' = (intst_rate + mrtg_`i'_borrow_est + repay_mt_`i') != . //obsevations have enough information to impute loan period
  6. tab obs_`i' //no complete data for imputation. 
  7. }
(15,460 real changes made, 15,460 to missing)
(16,023 real changes made, 16,023 to missing)

      obs_1 |      Freq.     Percent        Cum.
------------+-----------------------------------
          0 |     54,179      100.00      100.00
------------+-----------------------------------
      Total |     54,179      100.00
(0 real changes made)
(202 real changes made, 202 to missing)

      obs_2 |      Freq.     Percent        Cum.
------------+-----------------------------------
          0 |     54,179      100.00      100.00
------------+-----------------------------------
      Total |     54,179      100.00

. 
. log close
      name:  <unnamed>
       log:  C:\Users\wb500886\OneDrive - WBG\7_Housing\survey_all\Housing_git\nss\Survey_NSS\NSS70\03_NSS59_Table of Means.log
  log type:  text
 closed on:  20 Apr 2021, 11:38:26
---------------------------------------------------------------------------------------------------------------------------------------------------------------------------------------------------------------------------------------------------------------
