-------------------------------------------------------------------------------
      name:  <unnamed>
       log:  C:/Users/wb500886/OneDrive - WBG/7_Housing/NSS76_Housing_new/analy
> sis/final/output_nss76.smcl
  log type:  smcl
 opened on:  16 Jun 2020, 10:06:49

. 
. **********************************
. ***NSS76 for housing condition****
. **********************************
. 
. //This file is to produce the statistics.
. 
. global ROOT "C:/Users/wb500886/OneDrive - WBG/7_Housing/NSS76_Housing_new/ana
> lysis"

. global raw "${ROOT}/raw"

. global dct "${ROOT}/raw/dct"

. global inter "${ROOT}/inter"

. global final "${ROOT}/final"

. 
. 
. ****************************
. *******clean up survey******
. ****************************
. 
. ****************************
. *****set as survey data*****
. ****************************
. /* 
> based on the data consolidated using 
> "C:\Users\wb500886\OneDrive - WBG\7_Housing\NSS76_Housing_new\analysis\dofile
> \nss76.do" 
> */
. 
. use "${final}/nss76",clear

. svyset id [pw = hh_weight]

      pweight: hh_weight
          VCE: linearized
  Single unit: missing
     Strata 1: <one>
         SU 1: id
        FPC 1: <zero>

. 
. ******************************
. *****rural: TN vs. non-TN*****
. ******************************
. 
. ***compare means***
. 
. /*indicators in order:
> Housing quality:
> 1.      cost
> 2.      living facility
> 3.      location
> 4.      micro environment
> 5.      ownership
> 6.      overcrowding
> 7.      physical structure
> Household feature:
> 8.  welfare
> */
. 
. #delimit ;
delimiter now ;
. global var_q "
> 
> hq_water_cost 
> hq_water_rate
> hq_san_cost 
> hq_san_rate
> hq_rent_cost
> hq_rent_rate
> 
> hq_water 
> hq_water_su
> hq_water_in
> hq_san
> hq_san_in
> 
> hq_nslum
> hq_travel_m
> hq_travel_f 
> hq_travel_t
> 
> hq_nflood
> hq_path
> 
> hq_tenure_se 
> hq_own
> 
> hq_level
> hq_floor_n 
> hq_room
> hq_crowd_r
> hq_floor_a
> hq_crowd_a
> hq_married_sep
> 
> hq_resid
> hq_period
> hq_str_good
> hq_elec
> hq_drainage
> hq_dwell_indi
> hq_floor_a
> hq_ventilation
> hq_kitchen
> hq_pfloor
> hq_pwall
> hq_proof
> 
> hh_land
> hh_umce
> "
> ;

. #delimit cr
delimiter now cr
. 
. tempname test_rural

. postfile `test_rural' est p using "${inter}/test_rural.dta",replace

. 
. foreach var in $var_q {
  2. svy,subpop(if hh_urban != 1) over(hh_tn): mean `var'
  3. lincom [`var']TN - [`var']_subpop_1 
  4. 
. post `test_rural' (r(estimate)) (r(p))
  5. }
(running mean on estimation sample)

Survey: Mean estimation

Number of strata =       1   Number of obs   =          57,125
Number of PSUs   =  57,125   Population size =  13,178,535,131
                             Subpop. no. obs =          14,023
                             Subpop. size    =   3,906,141,918
                             Design df       =          57,124

    _subpop_1: hh_tn = non-TN
           TN: hh_tn = TN

---------------------------------------------------------------
              |             Linearized
         Over |       Mean   Std. Err.     [95% Conf. Interval]
--------------+------------------------------------------------
hq_water_cost |
    _subpop_1 |    103.936   1.571733      100.8554    107.0166
           TN |   104.5132   8.329501       88.1873     120.839
---------------------------------------------------------------

 ( 1)  - [hq_water_cost]_subpop_1 + [hq_water_cost]TN = 0

------------------------------------------------------------------------------
        Mean |      Coef.   Std. Err.      t    P>|t|     [95% Conf. Interval]
-------------+----------------------------------------------------------------
         (1) |   .5771674   8.476493     0.07   0.946    -16.03681    17.19114
------------------------------------------------------------------------------
(running mean on estimation sample)

Survey: Mean estimation

Number of strata =       1   Number of obs   =          57,085
Number of PSUs   =  57,085   Population size =  13,170,743,906
                             Subpop. no. obs =          13,983
                             Subpop. size    =   3,898,350,693
                             Design df       =          57,084

    _subpop_1: hh_tn = non-TN
           TN: hh_tn = TN

---------------------------------------------------------------
              |             Linearized
         Over |       Mean   Std. Err.     [95% Conf. Interval]
--------------+------------------------------------------------
hq_water_rate |
    _subpop_1 |   .0133946   .0001895      .0130232     .013766
           TN |   .0132461   .0008495       .011581    .0149113
---------------------------------------------------------------

 ( 1)  - [hq_water_rate]_subpop_1 + [hq_water_rate]TN = 0

------------------------------------------------------------------------------
        Mean |      Coef.   Std. Err.      t    P>|t|     [95% Conf. Interval]
-------------+----------------------------------------------------------------
         (1) |  -.0001485   .0008704    -0.17   0.865    -.0018545    .0015575
------------------------------------------------------------------------------
(running mean on estimation sample)

Survey: Mean estimation

Number of strata =       1    Number of obs   =         45,779
Number of PSUs   =  45,779    Population size =  9,914,834,071
                              Subpop. no. obs =          2,677
                              Subpop. size    =    642,440,858
                              Design df       =         45,778

    _subpop_1: hh_tn = non-TN
           TN: hh_tn = TN

--------------------------------------------------------------
             |             Linearized
        Over |       Mean   Std. Err.     [95% Conf. Interval]
-------------+------------------------------------------------
hq_san_cost  |
   _subpop_1 |   1544.084   37.10434      1471.359    1616.809
          TN |   2252.809   129.8726      1998.257    2507.362
--------------------------------------------------------------

 ( 1)  - [hq_san_cost]_subpop_1 + [hq_san_cost]TN = 0

------------------------------------------------------------------------------
        Mean |      Coef.   Std. Err.      t    P>|t|     [95% Conf. Interval]
-------------+----------------------------------------------------------------
         (1) |   708.7251   135.0689     5.25   0.000     443.9878    973.4624
------------------------------------------------------------------------------
(running mean on estimation sample)

Survey: Mean estimation

Number of strata =       1    Number of obs   =         45,751
Number of PSUs   =  45,751    Population size =  9,907,411,433
                              Subpop. no. obs =          2,649
                              Subpop. size    =    635,018,220
                              Design df       =         45,750

    _subpop_1: hh_tn = non-TN
           TN: hh_tn = TN

--------------------------------------------------------------
             |             Linearized
        Over |       Mean   Std. Err.     [95% Conf. Interval]
-------------+------------------------------------------------
hq_san_rate  |
   _subpop_1 |   .1699076   .0048513      .1603989    .1794163
          TN |   .2763023   .0236838      .2298816     .322723
--------------------------------------------------------------

 ( 1)  - [hq_san_rate]_subpop_1 + [hq_san_rate]TN = 0

------------------------------------------------------------------------------
        Mean |      Coef.   Std. Err.      t    P>|t|     [95% Conf. Interval]
-------------+----------------------------------------------------------------
         (1) |   .1063947   .0241756     4.40   0.000     .0590101    .1537793
------------------------------------------------------------------------------
(running mean on estimation sample)

Survey: Mean estimation

Number of strata =       1    Number of obs   =         45,019
Number of PSUs   =  45,019    Population size =  9,771,033,879
                              Subpop. no. obs =          1,917
                              Subpop. size    =    498,640,666
                              Design df       =         45,018

    _subpop_1: hh_tn = non-TN
           TN: hh_tn = TN

--------------------------------------------------------------
             |             Linearized
        Over |       Mean   Std. Err.     [95% Conf. Interval]
-------------+------------------------------------------------
hq_rent_cost |
   _subpop_1 |   1284.059   49.77622      1186.497    1381.621
          TN |    1421.81   150.3709      1127.081     1716.54
--------------------------------------------------------------

 ( 1)  - [hq_rent_cost]_subpop_1 + [hq_rent_cost]TN = 0

------------------------------------------------------------------------------
        Mean |      Coef.   Std. Err.      t    P>|t|     [95% Conf. Interval]
-------------+----------------------------------------------------------------
         (1) |    137.751   158.3953     0.87   0.384    -172.7065    448.2085
------------------------------------------------------------------------------
(running mean on estimation sample)

Survey: Mean estimation

Number of strata =       1    Number of obs   =         45,012
Number of PSUs   =  45,012    Population size =  9,770,788,629
                              Subpop. no. obs =          1,910
                              Subpop. size    =    498,395,416
                              Design df       =         45,011

    _subpop_1: hh_tn = non-TN
           TN: hh_tn = TN

--------------------------------------------------------------
             |             Linearized
        Over |       Mean   Std. Err.     [95% Conf. Interval]
-------------+------------------------------------------------
hq_rent_rate |
   _subpop_1 |   .1649739   .0040005      .1571328    .1728149
          TN |   .1824304   .0104266      .1619941    .2028666
--------------------------------------------------------------

 ( 1)  - [hq_rent_rate]_subpop_1 + [hq_rent_rate]TN = 0

------------------------------------------------------------------------------
        Mean |      Coef.   Std. Err.      t    P>|t|     [95% Conf. Interval]
-------------+----------------------------------------------------------------
         (1) |   .0174565   .0111677     1.56   0.118    -.0044324    .0393454
------------------------------------------------------------------------------
(running mean on estimation sample)

Survey: Mean estimation

Number of strata =       1   Number of obs   =         106,838
Number of PSUs   = 106,838   Population size =  27,110,552,516
                             Subpop. no. obs =          63,736
                             Subpop. size    =  17,838,159,303
                             Design df       =         106,837

    _subpop_1: hh_tn = non-TN
           TN: hh_tn = TN

--------------------------------------------------------------
             |             Linearized
        Over |       Mean   Std. Err.     [95% Conf. Interval]
-------------+------------------------------------------------
hq_water     |
   _subpop_1 |   .1545591   .0019184       .150799    .1583192
          TN |   .1306448   .0072102       .116513    .1447766
--------------------------------------------------------------

 ( 1)  - [hq_water]_subpop_1 + [hq_water]TN = 0

------------------------------------------------------------------------------
        Mean |      Coef.   Std. Err.      t    P>|t|     [95% Conf. Interval]
-------------+----------------------------------------------------------------
         (1) |  -.0239143    .007461    -3.21   0.001    -.0385378   -.0092908
------------------------------------------------------------------------------
(running mean on estimation sample)

Survey: Mean estimation

Number of strata =       1   Number of obs   =         106,838
Number of PSUs   = 106,838   Population size =  27,110,552,516
                             Subpop. no. obs =          63,736
                             Subpop. size    =  17,838,159,303
                             Design df       =         106,837

    _subpop_1: hh_tn = non-TN
           TN: hh_tn = TN

--------------------------------------------------------------
             |             Linearized
        Over |       Mean   Std. Err.     [95% Conf. Interval]
-------------+------------------------------------------------
hq_water_su  |
   _subpop_1 |   1.121047   .0016461      1.117821    1.124274
          TN |   1.174187   .0080452      1.158418    1.189955
--------------------------------------------------------------

 ( 1)  - [hq_water_su]_subpop_1 + [hq_water_su]TN = 0

------------------------------------------------------------------------------
        Mean |      Coef.   Std. Err.      t    P>|t|     [95% Conf. Interval]
-------------+----------------------------------------------------------------
         (1) |   .0531397   .0082119     6.47   0.000     .0370445    .0692349
------------------------------------------------------------------------------
(running mean on estimation sample)

Survey: Mean estimation

Number of strata =       1   Number of obs   =         106,476
Number of PSUs   = 106,476   Population size =  27,059,478,550
                             Subpop. no. obs =          63,374
                             Subpop. size    =  17,787,085,337
                             Design df       =         106,475

    _subpop_1: hh_tn = non-TN
           TN: hh_tn = TN

--------------------------------------------------------------
             |             Linearized
        Over |       Mean   Std. Err.     [95% Conf. Interval]
-------------+------------------------------------------------
hq_water_in  |
   _subpop_1 |   .5924717   .0024693      .5876319    .5973115
          TN |   .4115529   .0105032      .3909668     .432139
--------------------------------------------------------------

 ( 1)  - [hq_water_in]_subpop_1 + [hq_water_in]TN = 0

------------------------------------------------------------------------------
        Mean |      Coef.   Std. Err.      t    P>|t|     [95% Conf. Interval]
-------------+----------------------------------------------------------------
         (1) |  -.1809189   .0107895   -16.77   0.000    -.2020662   -.1597715
------------------------------------------------------------------------------
(running mean on estimation sample)

Survey: Mean estimation

Number of strata =       1   Number of obs   =          90,779
Number of PSUs   =  90,779   Population size =  21,989,009,218
                             Subpop. no. obs =          47,677
                             Subpop. size    =  12,716,616,005
                             Design df       =          90,778

    _subpop_1: hh_tn = non-TN
           TN: hh_tn = TN

--------------------------------------------------------------
             |             Linearized
        Over |       Mean   Std. Err.     [95% Conf. Interval]
-------------+------------------------------------------------
hq_san       |
   _subpop_1 |   .8583097   .0019367      .8545137    .8621057
          TN |   .9413875   .0059684      .9296895    .9530855
--------------------------------------------------------------

 ( 1)  - [hq_san]_subpop_1 + [hq_san]TN = 0

------------------------------------------------------------------------------
        Mean |      Coef.   Std. Err.      t    P>|t|     [95% Conf. Interval]
-------------+----------------------------------------------------------------
         (1) |   .0830778   .0062748    13.24   0.000     .0707794    .0953763
------------------------------------------------------------------------------
(running mean on estimation sample)

Survey: Mean estimation

Number of strata =       1   Number of obs   =         106,838
Number of PSUs   = 106,838   Population size =  27,110,552,516
                             Subpop. no. obs =          63,736
                             Subpop. size    =  17,838,159,303
                             Design df       =         106,837

    _subpop_1: hh_tn = non-TN
           TN: hh_tn = TN

--------------------------------------------------------------
             |             Linearized
        Over |       Mean   Std. Err.     [95% Conf. Interval]
-------------+------------------------------------------------
hq_san_in    |
   _subpop_1 |   .4783424   .0025202      .4734029    .4832819
          TN |   .5101173   .0107053      .4891351    .5310994
--------------------------------------------------------------

 ( 1)  - [hq_san_in]_subpop_1 + [hq_san_in]TN = 0

------------------------------------------------------------------------------
        Mean |      Coef.   Std. Err.      t    P>|t|     [95% Conf. Interval]
-------------+----------------------------------------------------------------
         (1) |   .0317749   .0109979     2.89   0.004     .0102191    .0533306
------------------------------------------------------------------------------
(running mean on estimation sample)

Survey: Mean estimation

Number of strata =       1   Number of obs   =         106,834
Number of PSUs   = 106,834   Population size =  27,109,009,451
                             Subpop. no. obs =          63,732
                             Subpop. size    =  17,836,616,238
                             Design df       =         106,833

    _subpop_1: hh_tn = non-TN
           TN: hh_tn = TN

--------------------------------------------------------------
             |             Linearized
        Over |       Mean   Std. Err.     [95% Conf. Interval]
-------------+------------------------------------------------
hq_nslum     |
   _subpop_1 |          1          .             .           .
          TN |          1          .             .           .
--------------------------------------------------------------

 ( 1)  - [hq_nslum]_subpop_1 + [hq_nslum]TN = 0

------------------------------------------------------------------------------
        Mean |      Coef.   Std. Err.      t    P>|t|     [95% Conf. Interval]
-------------+----------------------------------------------------------------
         (1) |          0  (omitted)
------------------------------------------------------------------------------
(running mean on estimation sample)

Survey: Mean estimation

Number of strata =       1   Number of obs   =         106,838
Number of PSUs   = 106,838   Population size =  27,110,552,516
                             Subpop. no. obs =          63,736
                             Subpop. size    =  17,838,159,303
                             Design df       =         106,837

    _subpop_1: hh_tn = non-TN
           TN: hh_tn = TN

--------------------------------------------------------------
             |             Linearized
        Over |       Mean   Std. Err.     [95% Conf. Interval]
-------------+------------------------------------------------
hq_travel_m  |
   _subpop_1 |    3.63675   .0111816      3.614834    3.658666
          TN |    4.45926   .0538513      4.353712    4.564808
--------------------------------------------------------------

 ( 1)  - [hq_travel_m]_subpop_1 + [hq_travel_m]TN = 0

------------------------------------------------------------------------------
        Mean |      Coef.   Std. Err.      t    P>|t|     [95% Conf. Interval]
-------------+----------------------------------------------------------------
         (1) |   .8225102       .055    14.95   0.000      .714711    .9303093
------------------------------------------------------------------------------
(running mean on estimation sample)

Survey: Mean estimation

Number of strata =       1   Number of obs   =         106,838
Number of PSUs   = 106,838   Population size =  27,110,552,516
                             Subpop. no. obs =          63,736
                             Subpop. size    =  17,838,159,303
                             Design df       =         106,837

    _subpop_1: hh_tn = non-TN
           TN: hh_tn = TN

--------------------------------------------------------------
             |             Linearized
        Over |       Mean   Std. Err.     [95% Conf. Interval]
-------------+------------------------------------------------
hq_travel_f  |
   _subpop_1 |   6.071495   .0171854      6.037812    6.105178
          TN |   6.000117   .0690055      5.864867    6.135367
--------------------------------------------------------------

 ( 1)  - [hq_travel_f]_subpop_1 + [hq_travel_f]TN = 0

------------------------------------------------------------------------------
        Mean |      Coef.   Std. Err.      t    P>|t|     [95% Conf. Interval]
-------------+----------------------------------------------------------------
         (1) |  -.0713778   .0711132    -1.00   0.316    -.2107588    .0680031
------------------------------------------------------------------------------
(running mean on estimation sample)

Survey: Mean estimation

Number of strata =       1   Number of obs   =         106,838
Number of PSUs   = 106,838   Population size =  27,110,552,516
                             Subpop. no. obs =          63,736
                             Subpop. size    =  17,838,159,303
                             Design df       =         106,837

    _subpop_1: hh_tn = non-TN
           TN: hh_tn = TN

--------------------------------------------------------------
             |             Linearized
        Over |       Mean   Std. Err.     [95% Conf. Interval]
-------------+------------------------------------------------
hq_travel_t  |
   _subpop_1 |   8.999539   .0002324      8.999083    8.999994
          TN |          9          .             .           .
--------------------------------------------------------------

 ( 1)  - [hq_travel_t]_subpop_1 + [hq_travel_t]TN = 0

------------------------------------------------------------------------------
        Mean |      Coef.   Std. Err.      t    P>|t|     [95% Conf. Interval]
-------------+----------------------------------------------------------------
         (1) |   .0004612   .0002324     1.98   0.047     5.78e-06    .0009166
------------------------------------------------------------------------------
(running mean on estimation sample)

Survey: Mean estimation

Number of strata =       1   Number of obs   =         106,834
Number of PSUs   = 106,834   Population size =  27,109,009,451
                             Subpop. no. obs =          63,732
                             Subpop. size    =  17,836,616,238
                             Design df       =         106,833

    _subpop_1: hh_tn = non-TN
           TN: hh_tn = TN

--------------------------------------------------------------
             |             Linearized
        Over |       Mean   Std. Err.     [95% Conf. Interval]
-------------+------------------------------------------------
hq_nflood    |
   _subpop_1 |   .9051105   .0014459      .9022766    .9079445
          TN |   .9488175   .0044048      .9401842    .9574509
--------------------------------------------------------------

 ( 1)  - [hq_nflood]_subpop_1 + [hq_nflood]TN = 0

------------------------------------------------------------------------------
        Mean |      Coef.   Std. Err.      t    P>|t|     [95% Conf. Interval]
-------------+----------------------------------------------------------------
         (1) |    .043707    .004636     9.43   0.000     .0346204    .0527936
------------------------------------------------------------------------------
(running mean on estimation sample)

Survey: Mean estimation

Number of strata =       1   Number of obs   =         106,834
Number of PSUs   = 106,834   Population size =  27,109,009,451
                             Subpop. no. obs =          63,732
                             Subpop. size    =  17,836,616,238
                             Design df       =         106,833

    _subpop_1: hh_tn = non-TN
           TN: hh_tn = TN

--------------------------------------------------------------
             |             Linearized
        Over |       Mean   Std. Err.     [95% Conf. Interval]
-------------+------------------------------------------------
hq_path      |
   _subpop_1 |   .8669376   .0016428      .8637177    .8701575
          TN |   .9433549   .0048848      .9337808     .952929
--------------------------------------------------------------

 ( 1)  - [hq_path]_subpop_1 + [hq_path]TN = 0

------------------------------------------------------------------------------
        Mean |      Coef.   Std. Err.      t    P>|t|     [95% Conf. Interval]
-------------+----------------------------------------------------------------
         (1) |   .0764173   .0051536    14.83   0.000     .0663163    .0865183
------------------------------------------------------------------------------
(running mean on estimation sample)

Survey: Mean estimation

Number of strata =       1   Number of obs   =         106,834
Number of PSUs   = 106,834   Population size =  27,109,009,451
                             Subpop. no. obs =          63,732
                             Subpop. size    =  17,836,616,238
                             Design df       =         106,833

    _subpop_1: hh_tn = non-TN
           TN: hh_tn = TN

--------------------------------------------------------------
             |             Linearized
        Over |       Mean   Std. Err.     [95% Conf. Interval]
-------------+------------------------------------------------
hq_tenure_se |
   _subpop_1 |   .9674722   .0010972      .9653217    .9696226
          TN |     .94783   .0051823      .9376726    .9579873
--------------------------------------------------------------

 ( 1)  - [hq_tenure_se]_subpop_1 + [hq_tenure_se]TN = 0

------------------------------------------------------------------------------
        Mean |      Coef.   Std. Err.      t    P>|t|     [95% Conf. Interval]
-------------+----------------------------------------------------------------
         (1) |  -.0196422   .0052972    -3.71   0.000    -.0300247   -.0092597
------------------------------------------------------------------------------
(running mean on estimation sample)

Survey: Mean estimation

Number of strata =       1   Number of obs   =         106,838
Number of PSUs   = 106,838   Population size =  27,110,552,516
                             Subpop. no. obs =          63,736
                             Subpop. size    =  17,838,159,303
                             Design df       =         106,837

    _subpop_1: hh_tn = non-TN
           TN: hh_tn = TN

--------------------------------------------------------------
             |             Linearized
        Over |       Mean   Std. Err.     [95% Conf. Interval]
-------------+------------------------------------------------
hq_own       |
   _subpop_1 |   .9612202   .0011713      .9589245     .963516
          TN |     .94087   .0054546       .930179    .9515609
--------------------------------------------------------------

 ( 1)  - [hq_own]_subpop_1 + [hq_own]TN = 0

------------------------------------------------------------------------------
        Mean |      Coef.   Std. Err.      t    P>|t|     [95% Conf. Interval]
-------------+----------------------------------------------------------------
         (1) |  -.0203503    .005579    -3.65   0.000     -.031285   -.0094156
------------------------------------------------------------------------------
(running mean on estimation sample)

Survey: Mean estimation

Number of strata =       1   Number of obs   =         106,816
Number of PSUs   = 106,816   Population size =  27,103,117,417
                             Subpop. no. obs =          63,714
                             Subpop. size    =  17,830,724,204
                             Design df       =         106,815

    _subpop_1: hh_tn = non-TN
           TN: hh_tn = TN

--------------------------------------------------------------
             |             Linearized
        Over |       Mean   Std. Err.     [95% Conf. Interval]
-------------+------------------------------------------------
hq_level     |
   _subpop_1 |   1.170579   .0053247      1.160143    1.181016
          TN |    1.27073   .0223854      1.226854    1.314605
--------------------------------------------------------------

 ( 1)  - [hq_level]_subpop_1 + [hq_level]TN = 0

------------------------------------------------------------------------------
        Mean |      Coef.   Std. Err.      t    P>|t|     [95% Conf. Interval]
-------------+----------------------------------------------------------------
         (1) |   .1001501     .02301     4.35   0.000     .0550509    .1452493
------------------------------------------------------------------------------
(running mean on estimation sample)

Survey: Mean estimation

Number of strata =       1   Number of obs   =         106,834
Number of PSUs   = 106,834   Population size =  27,109,009,451
                             Subpop. no. obs =          63,732
                             Subpop. size    =  17,836,616,238
                             Design df       =         106,833

    _subpop_1: hh_tn = non-TN
           TN: hh_tn = TN

--------------------------------------------------------------
             |             Linearized
        Over |       Mean   Std. Err.     [95% Conf. Interval]
-------------+------------------------------------------------
hq_floor_n   |
   _subpop_1 |    1.09617   .0017779      1.092686    1.099655
          TN |    1.05337   .0055089      1.042573    1.064168
--------------------------------------------------------------

 ( 1)  - [hq_floor_n]_subpop_1 + [hq_floor_n]TN = 0

------------------------------------------------------------------------------
        Mean |      Coef.   Std. Err.      t    P>|t|     [95% Conf. Interval]
-------------+----------------------------------------------------------------
         (1) |  -.0428002   .0057887    -7.39   0.000    -.0541459   -.0314544
------------------------------------------------------------------------------
(running mean on estimation sample)

Survey: Mean estimation

Number of strata =       1   Number of obs   =         105,324
Number of PSUs   = 105,324   Population size =  26,608,227,508
                             Subpop. no. obs =          62,222
                             Subpop. size    =  17,335,834,295
                             Design df       =         105,323

    _subpop_1: hh_tn = non-TN
           TN: hh_tn = TN

--------------------------------------------------------------
             |             Linearized
        Over |       Mean   Std. Err.     [95% Conf. Interval]
-------------+------------------------------------------------
hq_room      |
   _subpop_1 |   3.772646   .0093517      3.754317    3.790975
          TN |   3.888713   .0364238      3.817322    3.960103
--------------------------------------------------------------

 ( 1)  - [hq_room]_subpop_1 + [hq_room]TN = 0

------------------------------------------------------------------------------
        Mean |      Coef.   Std. Err.      t    P>|t|     [95% Conf. Interval]
-------------+----------------------------------------------------------------
         (1) |   .1160667   .0376051     3.09   0.002     .0423612    .1897722
------------------------------------------------------------------------------
(running mean on estimation sample)

Survey: Mean estimation

Number of strata =       1   Number of obs   =         105,324
Number of PSUs   = 105,324   Population size =  26,608,227,508
                             Subpop. no. obs =          62,222
                             Subpop. size    =  17,335,834,295
                             Design df       =         105,323

    _subpop_1: hh_tn = non-TN
           TN: hh_tn = TN

--------------------------------------------------------------
             |             Linearized
        Over |       Mean   Std. Err.     [95% Conf. Interval]
-------------+------------------------------------------------
hq_crowd_r   |
   _subpop_1 |   .9919668   .0041027      .9839254    1.000008
          TN |   1.280327   .0191449      1.242803    1.317851
--------------------------------------------------------------

 ( 1)  - [hq_crowd_r]_subpop_1 + [hq_crowd_r]TN = 0

------------------------------------------------------------------------------
        Mean |      Coef.   Std. Err.      t    P>|t|     [95% Conf. Interval]
-------------+----------------------------------------------------------------
         (1) |   .2883605   .0195796    14.73   0.000     .2499848    .3267362
------------------------------------------------------------------------------
(running mean on estimation sample)

Survey: Mean estimation

Number of strata =       1   Number of obs   =         106,834
Number of PSUs   = 106,834   Population size =  27,109,009,451
                             Subpop. no. obs =          63,732
                             Subpop. size    =  17,836,616,238
                             Design df       =         106,833

    _subpop_1: hh_tn = non-TN
           TN: hh_tn = TN

--------------------------------------------------------------
             |             Linearized
        Over |       Mean   Std. Err.     [95% Conf. Interval]
-------------+------------------------------------------------
hq_floor_a   |
   _subpop_1 |   504.7297    1.60902       501.576    507.8833
          TN |   441.7757   6.673974      428.6948    454.8566
--------------------------------------------------------------

 ( 1)  - [hq_floor_a]_subpop_1 + [hq_floor_a]TN = 0

------------------------------------------------------------------------------
        Mean |      Coef.   Std. Err.      t    P>|t|     [95% Conf. Interval]
-------------+----------------------------------------------------------------
         (1) |  -62.95395   6.865192    -9.17   0.000    -76.40963   -49.49826
------------------------------------------------------------------------------
(running mean on estimation sample)

Survey: Mean estimation

Number of strata =       1   Number of obs   =         106,834
Number of PSUs   = 106,834   Population size =  27,109,009,451
                             Subpop. no. obs =          63,732
                             Subpop. size    =  17,836,616,238
                             Design df       =         106,833

    _subpop_1: hh_tn = non-TN
           TN: hh_tn = TN

--------------------------------------------------------------
             |             Linearized
        Over |       Mean   Std. Err.     [95% Conf. Interval]
-------------+------------------------------------------------
hq_crowd_a   |
   _subpop_1 |   129.2782   .5682959      128.1644    130.3921
          TN |   143.9685   2.521626      139.0261    148.9108
--------------------------------------------------------------

 ( 1)  - [hq_crowd_a]_subpop_1 + [hq_crowd_a]TN = 0

------------------------------------------------------------------------------
        Mean |      Coef.   Std. Err.      t    P>|t|     [95% Conf. Interval]
-------------+----------------------------------------------------------------
         (1) |   14.69026   2.584871     5.68   0.000     9.623946    19.75657
------------------------------------------------------------------------------
(running mean on estimation sample)

Survey: Mean estimation

Number of strata =       1   Number of obs   =          99,076
Number of PSUs   =  99,076   Population size =  24,827,506,330
                             Subpop. no. obs =          55,974
                             Subpop. size    =  15,555,113,117
                             Design df       =          99,075

    _subpop_1: hh_tn = non-TN
           TN: hh_tn = TN

----------------------------------------------------------------
               |             Linearized
          Over |       Mean   Std. Err.     [95% Conf. Interval]
---------------+------------------------------------------------
hq_married_sep |
     _subpop_1 |   .7277357    .002353      .7231238    .7323475
            TN |   .7173075   .0106457       .696442    .7381729
----------------------------------------------------------------

 ( 1)  - [hq_married_sep]_subpop_1 + [hq_married_sep]TN = 0

------------------------------------------------------------------------------
        Mean |      Coef.   Std. Err.      t    P>|t|     [95% Conf. Interval]
-------------+----------------------------------------------------------------
         (1) |  -.0104282   .0109026    -0.96   0.339    -.0317972    .0109409
------------------------------------------------------------------------------
(running mean on estimation sample)

Survey: Mean estimation

Number of strata =       1   Number of obs   =         106,834
Number of PSUs   = 106,834   Population size =  27,109,009,451
                             Subpop. no. obs =          63,732
                             Subpop. size    =  17,836,616,238
                             Design df       =         106,833

    _subpop_1: hh_tn = non-TN
           TN: hh_tn = TN

--------------------------------------------------------------
             |             Linearized
        Over |       Mean   Std. Err.     [95% Conf. Interval]
-------------+------------------------------------------------
hq_resid     |
   _subpop_1 |   .9661305    .000952      .9642645    .9679965
          TN |   .9835609   .0029093      .9778587    .9892631
--------------------------------------------------------------

 ( 1)  - [hq_resid]_subpop_1 + [hq_resid]TN = 0

------------------------------------------------------------------------------
        Mean |      Coef.   Std. Err.      t    P>|t|     [95% Conf. Interval]
-------------+----------------------------------------------------------------
         (1) |   .0174304   .0030611     5.69   0.000     .0114306    .0234301
------------------------------------------------------------------------------
(running mean on estimation sample)

Survey: Mean estimation

Number of strata =       1   Number of obs   =         104,371
Number of PSUs   = 104,371   Population size =  26,398,412,380
                             Subpop. no. obs =          61,269
                             Subpop. size    =  17,126,019,167
                             Design df       =         104,370

    _subpop_1: hh_tn = non-TN
           TN: hh_tn = TN

--------------------------------------------------------------
             |             Linearized
        Over |       Mean   Std. Err.     [95% Conf. Interval]
-------------+------------------------------------------------
hq_period    |
   _subpop_1 |   7.144629   .0100527      7.124925    7.164332
          TN |    6.72156   .0413682      6.640479    6.802641
--------------------------------------------------------------

 ( 1)  - [hq_period]_subpop_1 + [hq_period]TN = 0

------------------------------------------------------------------------------
        Mean |      Coef.   Std. Err.      t    P>|t|     [95% Conf. Interval]
-------------+----------------------------------------------------------------
         (1) |  -.4230683   .0425721    -9.94   0.000     -.506509   -.3396276
------------------------------------------------------------------------------
(running mean on estimation sample)

Survey: Mean estimation

Number of strata =       1   Number of obs   =         106,834
Number of PSUs   = 106,834   Population size =  27,109,009,451
                             Subpop. no. obs =          63,732
                             Subpop. size    =  17,836,616,238
                             Design df       =         106,833

    _subpop_1: hh_tn = non-TN
           TN: hh_tn = TN

--------------------------------------------------------------
             |             Linearized
        Over |       Mean   Std. Err.     [95% Conf. Interval]
-------------+------------------------------------------------
hq_str_good  |
   _subpop_1 |   .0161398   .0006307      .0149036     .017376
          TN |   .0177604   .0031108      .0116634    .0238575
--------------------------------------------------------------

 ( 1)  - [hq_str_good]_subpop_1 + [hq_str_good]TN = 0

------------------------------------------------------------------------------
        Mean |      Coef.   Std. Err.      t    P>|t|     [95% Conf. Interval]
-------------+----------------------------------------------------------------
         (1) |   .0016206   .0031741     0.51   0.610    -.0046005    .0078417
------------------------------------------------------------------------------
(running mean on estimation sample)

Survey: Mean estimation

Number of strata =       1   Number of obs   =         106,834
Number of PSUs   = 106,834   Population size =  27,109,009,451
                             Subpop. no. obs =          63,732
                             Subpop. size    =  17,836,616,238
                             Design df       =         106,833

    _subpop_1: hh_tn = non-TN
           TN: hh_tn = TN

--------------------------------------------------------------
             |             Linearized
        Over |       Mean   Std. Err.     [95% Conf. Interval]
-------------+------------------------------------------------
hq_elec      |
   _subpop_1 |   .9360038   .0011861       .933679    .9383285
          TN |   .9879719   .0022095      .9836414    .9923024
--------------------------------------------------------------

 ( 1)  - [hq_elec]_subpop_1 + [hq_elec]TN = 0

------------------------------------------------------------------------------
        Mean |      Coef.   Std. Err.      t    P>|t|     [95% Conf. Interval]
-------------+----------------------------------------------------------------
         (1) |   .0519681   .0025077    20.72   0.000      .047053    .0568832
------------------------------------------------------------------------------
(running mean on estimation sample)

Survey: Mean estimation

Number of strata =       1   Number of obs   =         106,834
Number of PSUs   = 106,834   Population size =  27,109,009,451
                             Subpop. no. obs =          63,732
                             Subpop. size    =  17,836,616,238
                             Design df       =         106,833

    _subpop_1: hh_tn = non-TN
           TN: hh_tn = TN

--------------------------------------------------------------
             |             Linearized
        Over |       Mean   Std. Err.     [95% Conf. Interval]
-------------+------------------------------------------------
hq_drainage  |
   _subpop_1 |   .2136616   .0021456      .2094562    .2178669
          TN |   .1408516   .0076067      .1259427    .1557606
--------------------------------------------------------------

 ( 1)  - [hq_drainage]_subpop_1 + [hq_drainage]TN = 0

------------------------------------------------------------------------------
        Mean |      Coef.   Std. Err.      t    P>|t|     [95% Conf. Interval]
-------------+----------------------------------------------------------------
         (1) |  -.0728099   .0079035    -9.21   0.000    -.0883006   -.0573193
------------------------------------------------------------------------------
(running mean on estimation sample)

Survey: Mean estimation

Number of strata =       1   Number of obs   =         106,834
Number of PSUs   = 106,834   Population size =  27,109,009,451
                             Subpop. no. obs =          63,732
                             Subpop. size    =  17,836,616,238
                             Design df       =         106,833

    _subpop_1: hh_tn = non-TN
           TN: hh_tn = TN

---------------------------------------------------------------
              |             Linearized
         Over |       Mean   Std. Err.     [95% Conf. Interval]
--------------+------------------------------------------------
hq_dwell_indi |
    _subpop_1 |   .8884362   .0016806      .8851422    .8917301
           TN |   .9138383   .0061382      .9018076     .925869
---------------------------------------------------------------

 ( 1)  - [hq_dwell_indi]_subpop_1 + [hq_dwell_indi]TN = 0

------------------------------------------------------------------------------
        Mean |      Coef.   Std. Err.      t    P>|t|     [95% Conf. Interval]
-------------+----------------------------------------------------------------
         (1) |   .0254022   .0063641     3.99   0.000     .0129287    .0378757
------------------------------------------------------------------------------
(running mean on estimation sample)

Survey: Mean estimation

Number of strata =       1   Number of obs   =         106,834
Number of PSUs   = 106,834   Population size =  27,109,009,451
                             Subpop. no. obs =          63,732
                             Subpop. size    =  17,836,616,238
                             Design df       =         106,833

    _subpop_1: hh_tn = non-TN
           TN: hh_tn = TN

--------------------------------------------------------------
             |             Linearized
        Over |       Mean   Std. Err.     [95% Conf. Interval]
-------------+------------------------------------------------
hq_floor_a   |
   _subpop_1 |   504.7297    1.60902       501.576    507.8833
          TN |   441.7757   6.673974      428.6948    454.8566
--------------------------------------------------------------

 ( 1)  - [hq_floor_a]_subpop_1 + [hq_floor_a]TN = 0

------------------------------------------------------------------------------
        Mean |      Coef.   Std. Err.      t    P>|t|     [95% Conf. Interval]
-------------+----------------------------------------------------------------
         (1) |  -62.95395   6.865192    -9.17   0.000    -76.40963   -49.49826
------------------------------------------------------------------------------
(running mean on estimation sample)

Survey: Mean estimation

Number of strata =       1   Number of obs   =         106,834
Number of PSUs   = 106,834   Population size =  27,109,009,451
                             Subpop. no. obs =          63,732
                             Subpop. size    =  17,836,616,238
                             Design df       =         106,833

    _subpop_1: hh_tn = non-TN
           TN: hh_tn = TN

----------------------------------------------------------------
               |             Linearized
          Over |       Mean   Std. Err.     [95% Conf. Interval]
---------------+------------------------------------------------
hq_ventilation |
     _subpop_1 |   .3310524   .0024226      .3263042    .3358006
            TN |   .4872419   .0107265      .4662181    .5082657
----------------------------------------------------------------

 ( 1)  - [hq_ventilation]_subpop_1 + [hq_ventilation]TN = 0

------------------------------------------------------------------------------
        Mean |      Coef.   Std. Err.      t    P>|t|     [95% Conf. Interval]
-------------+----------------------------------------------------------------
         (1) |   .1561894   .0109967    14.20   0.000     .1346361    .1777427
------------------------------------------------------------------------------
(running mean on estimation sample)

Survey: Mean estimation

Number of strata =       1   Number of obs   =         106,834
Number of PSUs   = 106,834   Population size =  27,109,009,451
                             Subpop. no. obs =          63,732
                             Subpop. size    =  17,836,616,238
                             Design df       =         106,833

    _subpop_1: hh_tn = non-TN
           TN: hh_tn = TN

--------------------------------------------------------------
             |             Linearized
        Over |       Mean   Std. Err.     [95% Conf. Interval]
-------------+------------------------------------------------
hq_kitchen   |
   _subpop_1 |   .5130849   .0025138      .5081579    .5180118
          TN |   .7051311   .0096913      .6861364    .7241259
--------------------------------------------------------------

 ( 1)  - [hq_kitchen]_subpop_1 + [hq_kitchen]TN = 0

------------------------------------------------------------------------------
        Mean |      Coef.   Std. Err.      t    P>|t|     [95% Conf. Interval]
-------------+----------------------------------------------------------------
         (1) |   .1920463    .010012    19.18   0.000      .172423    .2116696
------------------------------------------------------------------------------
(running mean on estimation sample)

Survey: Mean estimation

Number of strata =       1   Number of obs   =         106,834
Number of PSUs   = 106,834   Population size =  27,109,009,451
                             Subpop. no. obs =          63,732
                             Subpop. size    =  17,836,616,238
                             Design df       =         106,833

    _subpop_1: hh_tn = non-TN
           TN: hh_tn = TN

--------------------------------------------------------------
             |             Linearized
        Over |       Mean   Std. Err.     [95% Conf. Interval]
-------------+------------------------------------------------
hq_pfloor    |
   _subpop_1 |    .581389   .0024547      .5765778    .5862002
          TN |   .9419113   .0046925      .9327141    .9511085
--------------------------------------------------------------

 ( 1)  - [hq_pfloor]_subpop_1 + [hq_pfloor]TN = 0

------------------------------------------------------------------------------
        Mean |      Coef.   Std. Err.      t    P>|t|     [95% Conf. Interval]
-------------+----------------------------------------------------------------
         (1) |   .3605223   .0052958    68.08   0.000     .3501427    .3709019
------------------------------------------------------------------------------
(running mean on estimation sample)

Survey: Mean estimation

Number of strata =       1   Number of obs   =         106,834
Number of PSUs   = 106,834   Population size =  27,109,009,451
                             Subpop. no. obs =          63,732
                             Subpop. size    =  17,836,616,238
                             Design df       =         106,833

    _subpop_1: hh_tn = non-TN
           TN: hh_tn = TN

--------------------------------------------------------------
             |             Linearized
        Over |       Mean   Std. Err.     [95% Conf. Interval]
-------------+------------------------------------------------
hq_pwall     |
   _subpop_1 |   .7829355   .0020082      .7789994    .7868716
          TN |   .9282314   .0052866      .9178697    .9385931
--------------------------------------------------------------

 ( 1)  - [hq_pwall]_subpop_1 + [hq_pwall]TN = 0

------------------------------------------------------------------------------
        Mean |      Coef.   Std. Err.      t    P>|t|     [95% Conf. Interval]
-------------+----------------------------------------------------------------
         (1) |   .1452959   .0056552    25.69   0.000     .1342118    .1563801
------------------------------------------------------------------------------
(running mean on estimation sample)

Survey: Mean estimation

Number of strata =       1   Number of obs   =         106,834
Number of PSUs   = 106,834   Population size =  27,109,009,451
                             Subpop. no. obs =          63,732
                             Subpop. size    =  17,836,616,238
                             Design df       =         106,833

    _subpop_1: hh_tn = non-TN
           TN: hh_tn = TN

--------------------------------------------------------------
             |             Linearized
        Over |       Mean   Std. Err.     [95% Conf. Interval]
-------------+------------------------------------------------
hq_proof     |
   _subpop_1 |   .9168826   .0013512      .9142342    .9195309
          TN |   .9138623   .0057142      .9026626     .925062
--------------------------------------------------------------

 ( 1)  - [hq_proof]_subpop_1 + [hq_proof]TN = 0

------------------------------------------------------------------------------
        Mean |      Coef.   Std. Err.      t    P>|t|     [95% Conf. Interval]
-------------+----------------------------------------------------------------
         (1) |  -.0030203   .0058718    -0.51   0.607    -.0145289    .0084883
------------------------------------------------------------------------------
(running mean on estimation sample)

Survey: Mean estimation

Number of strata =       1   Number of obs   =         106,838
Number of PSUs   = 106,838   Population size =  27,110,552,516
                             Subpop. no. obs =          63,736
                             Subpop. size    =  17,838,159,303
                             Design df       =         106,837

    _subpop_1: hh_tn = non-TN
           TN: hh_tn = TN

--------------------------------------------------------------
             |             Linearized
        Over |       Mean   Std. Err.     [95% Conf. Interval]
-------------+------------------------------------------------
hh_land      |
   _subpop_1 |   3.876615   .0280619      3.821615    3.931616
          TN |   2.830359   .0348366       2.76208    2.898638
--------------------------------------------------------------

 ( 1)  - [hh_land]_subpop_1 + [hh_land]TN = 0

------------------------------------------------------------------------------
        Mean |      Coef.   Std. Err.      t    P>|t|     [95% Conf. Interval]
-------------+----------------------------------------------------------------
         (1) |  -1.046256   .0447332   -23.39   0.000    -1.133933     -.95858
------------------------------------------------------------------------------
(running mean on estimation sample)

Survey: Mean estimation

Number of strata =       1   Number of obs   =         106,713
Number of PSUs   = 106,713   Population size =  27,080,810,210
                             Subpop. no. obs =          63,611
                             Subpop. size    =  17,808,416,997
                             Design df       =         106,712

    _subpop_1: hh_tn = non-TN
           TN: hh_tn = TN

--------------------------------------------------------------
             |             Linearized
        Over |       Mean   Std. Err.     [95% Conf. Interval]
-------------+------------------------------------------------
hh_umce      |
   _subpop_1 |   7952.003   23.39848      7906.142    7997.863
          TN |   8012.968   92.30152      7832.058    8193.878
--------------------------------------------------------------

 ( 1)  - [hh_umce]_subpop_1 + [hh_umce]TN = 0

------------------------------------------------------------------------------
        Mean |      Coef.   Std. Err.      t    P>|t|     [95% Conf. Interval]
-------------+----------------------------------------------------------------
         (1) |   60.96541    95.2211     0.64   0.522    -125.6666    247.5975
------------------------------------------------------------------------------

. 
. postclose `test_rural'  //save it as table

. 
. ***compare distribution among umce (dummy and continuous)***
. twoway kdensity hh_umce_ln if hh_tn == 1 & hq_own == 1 & hh_urban == 0|| ///
> kdensity hh_umce_ln if hh_tn == 1  & hq_own == 0 & hh_urban == 0, ///
> legend(label(1 "hq_own == 1") label(2 "hq_own == 0"))

. 
. //need to compare with other similar state instead of overall non-TN states?
. reg hq_floor_a c.hh_umce_ln#i.hh_tn hh_umce_ln hh_size if hh_urban == 0,absor
> b(hh_state) cluster(hh_state)

Linear regression, absorbing indicators         Number of obs     =     63,607
                                                F(1, 35)          =          .
                                                Prob > F          =          .
                                                R-squared         =     0.2481
                                                Adj R-squared     =     0.2477
                                                Root MSE          =     280.81

                              (Std. Err. adjusted for 36 clusters in hh_state)
------------------------------------------------------------------------------
             |               Robust
  hq_floor_a |      Coef.   Std. Err.      t    P>|t|     [95% Conf. Interval]
-------------+----------------------------------------------------------------
       hh_tn#|
c.hh_umce_ln |
         TN  |  -70.41484    13.4069    -5.25   0.000     -97.6323   -43.19737
             |
  hh_umce_ln |   188.4417    16.0769    11.72   0.000     155.8038    221.0795
     hh_size |   10.98518   1.869498     5.88   0.000     7.189892    14.78046
       _cons |   -1168.76   130.9313    -8.93   0.000    -1434.564    -902.955
------------------------------------------------------------------------------

. reg hq_own c.hh_umce_ln#i.hh_tn hh_umce_ln hh_size if hh_urban == 0,absorb(hh
> _state) cluster(hh_state)

Linear regression, absorbing indicators         Number of obs     =     63,611
                                                F(1, 35)          =          .
                                                Prob > F          =          .
                                                R-squared         =     0.0686
                                                Adj R-squared     =     0.0680
                                                Root MSE          =     .18614

                              (Std. Err. adjusted for 36 clusters in hh_state)
------------------------------------------------------------------------------
             |               Robust
      hq_own |      Coef.   Std. Err.      t    P>|t|     [95% Conf. Interval]
-------------+----------------------------------------------------------------
       hh_tn#|
c.hh_umce_ln |
         TN  |    -.01652   .0064876    -2.55   0.015    -.0296904   -.0033495
             |
  hh_umce_ln |    .022677    .007182     3.16   0.003     .0080967    .0372572
     hh_size |   .0056492   .0017947     3.15   0.003     .0020057    .0092926
       _cons |   .7407156   .0582678    12.71   0.000     .6224257    .8590056
------------------------------------------------------------------------------

. 
. ******************************
. *****urban: TN vs. non-TN***** 
. ******************************
. 
. #delimit ;
delimiter now ;
. global var_slum "
> hq_nslum 
> hq_slum_doc 
> hq_slum_be
> "
> ;

. #delimit cr
delimiter now cr
. 
. tempname test_rural

. postfile `test_urban' est p using "${inter}/test_urban.dta",replace
postfile est already exists
r(110);

end of do-file

r(110);

. do "C:\Users\wb500886\AppData\Local\Temp\STD2fd4_000000.tmp"

. log close
      name:  <unnamed>
       log:  C:/Users/wb500886/OneDrive - WBG/7_Housing/NSS76_Housing_new/analy
> sis/final/output_nss76.smcl
  log type:  smcl
 closed on:  16 Jun 2020, 10:08:25
-------------------------------------------------------------------------------
