-------------------------------------------------------------------------------
      name:  <unnamed>
       log:  C:/Users/wb500886/OneDrive - WBG/7_Housing/survey_all/final/output
> _table_india.smcl
  log type:  smcl
 opened on:   2 Jul 2020, 02:27:41

. 
. *****************************
. ***Consolidate the Surveys***
. *****************************
. 
. global ROOT "C:/Users/wb500886/OneDrive - WBG/7_Housing/survey_all"

. global raw "${ROOT}/raw"

. 
. global inter "${ROOT}/inter"

. global final "${ROOT}/final"

. global do "${ROOT}/script"

. 
. /*
> This file is to:
> 1. Consolidate the surveys
> 2. Calculate the indicators
> */
. 
. ***Specify the Surveys***
. global surveys "nss69 nss76"

. 
. *data source
. use "${raw}/nss76.dta", clear   

. append using "${raw}/nss69.dta"
(note: variable hh_weight was long, now double to accommodate using data's
       values)
(label hh_tnl already defined)
(label hh_urbanl already defined)

. 
. ******************************
. ***Calculate the Indicators***
. ******************************
. 
. *label and order the vars. 
. label var cost_rent "Monthly Rent (Rs.)"

. label var infra_room "Number of Room"

. label var infra_crowd_r "Persons per Room"

. label var infra_area "Floor Area (ft2.)"

. label var infra_crowd_a "Square Feet per Person"

. label var legal_tenure_se "With Secure Tenure (%)"

. label var legal_own "Own Dwelling (%)"

. label var legal_rent "Rent Dwelling (%)"

. label var infra_pucca_roof "Roof Type is Pucca (%)"

. label var infra_pucca_wall "Wall Type is Pucca (%)"

. label var infra_pucca_floor "Floor Type is Pucca (%)"

. label var infra_pucca_drainage "Drianage Type is Pucca (%)"

. label var infra_water_in "Drinking water in premises (%)"

. 
. *specify indicators
. local tab_median "cost_rent     infra_room      infra_crowd_r   infra_area   
>    infra_crowd_a"

. local tab_mean "infra_pucca_roof        infra_pucca_wall        infra_pucca_f
> loor       infra_water_in  infra_pucca_drainage    legal_tenure_se legal_own 
>       legal_rent"

. local tab_list "infra_pucca_roof        infra_pucca_wall        infra_pucca_f
> loor       infra_water_in  infra_pucca_drainage    legal_tenure_se legal_own 
>       legal_rent cost_rent infra_room infra_crowd_r   infra_area      infra_c
> rowd_a"

. 
. 
. *****************India: 12-18***********************
. 
. *mean for all india nss76
. qui eststo stats_76: estpost summarize `tab_list' [aw = hh_weight] if id_surv
> ey == "76", detail 

. 
. *mean for all india nss69
. qui eststo stats_69: estpost summarize `tab_list' [aw = hh_weight] if id_surv
> ey == "69", detail

. 
. *Means mean
. esttab stats_69 stats_76 , ///
>         replace main(mean %6.2f) label wide varwidth(40) modelwidth(4) onecel
> l not ///
>         mtitle("India 69" "India 76") nonotes /// 
>         title("2012 to 2018: Table of Means") ///
>         addnotes("a. The Montly Rent is encoded as missing if the response is
>  0." ///
>         "b. Person per Room is defined as household size divide by total numb
> er" ///
>     "   of rooms in the dwelling." ///
>         "c. Square Feet per Person is defined as household size divide by tot
> al" ///
>         "   floor area of the dwelling that measured in square feet." )

2012 to 2018: Table of Means
--------------------------------------------------------
                                          (1)     (2)   
                                         In~69    In~76   
--------------------------------------------------------
Roof Type is Pucca (%)                   0.91    0.94   
Wall Type is Pucca (%)                   0.77    0.85   
Floor Type is Pucca (%)                  0.64    0.72   
Drinking water in premises (%)           0.56    0.66   
Drianage Type is Pucca (%)               0.48    0.57   
With Secure Tenure (%)                   0.87    0.89   
Own Dwelling (%)                         0.83    0.85   
Rent Dwelling (%)                        0.15    0.13   
Monthly Rent (Rs.)                       1836.43    3036.20   
Number of Room                           4.07    3.96   
Persons per Room                         1.41    1.34   
Floor Area (ft2.)                        428.11    499.64   
Square Feet per Person                   0.01    0.01   
--------------------------------------------------------
Observations                             95548    106838   
--------------------------------------------------------
a. The Montly Rent is encoded as missing if the response is 0.
b. Person per Room is defined as household size divide by total number
   of rooms in the dwelling.
c. Square Feet per Person is defined as household size divide by total
   floor area of the dwelling that measured in square feet.

. 
. *Means median
. esttab stats_69 stats_76 , ///
>         replace main(p50 %6.2f) label wide varwidth(40) modelwidth(4) onecell
>  not ///
>         mtitle("India 69" "India 76") nonotes /// 
>         title("India 2012 to 2018: Table of Medians") append drop(`tab_mean')

India 2012 to 2018: Table of Medians
--------------------------------------------------------
                                          (1)     (2)   
                                         In~69    In~76   
--------------------------------------------------------
Monthly Rent (Rs.)                       1200.00    2500.00   
Number of Room                           4.00    4.00   
Persons per Room                         1.00    1.00   
Floor Area (ft2.)                        354.00    430.00   
Square Feet per Person                   0.01    0.01   
--------------------------------------------------------
Observations                             95548    106838   
--------------------------------------------------------

. 
. *****************India: rural-urban***********************
. 
. *mean for all india nss76 urban
. qui eststo stats_76_u: estpost summarize `tab_list' [aw = hh_weight] ///
> if id_survey == "76" & hh_urban == 1, detail 

. 
. *mean for all india nss76 rural
. qui eststo stats_76_r: estpost summarize `tab_list' [aw = hh_weight] ///
> if id_survey == "76" & hh_urban == 0, detail

. 
. *Means mean
. esttab stats_76_u stats_76_r , ///
>         replace main(mean %6.2f) label wide varwidth(40) modelwidth(4) onecel
> l not ///
>         mtitle("Urban" "Rural") nonotes /// 
>         title("India 2018 Urban and Rural: Table of Means")

India 2018 Urban and Rural: Table of Means
--------------------------------------------------------
                                          (1)     (2)   
                                         Urban    Rural   
--------------------------------------------------------
Roof Type is Pucca (%)                   0.99    0.92   
Wall Type is Pucca (%)                   0.97    0.79   
Floor Type is Pucca (%)                  0.95    0.60   
Drinking water in premises (%)           0.81    0.58   
Drianage Type is Pucca (%)               0.88    0.41   
With Secure Tenure (%)                   0.74    0.97   
Own Dwelling (%)                         0.64    0.96   
Rent Dwelling (%)                        0.33    0.03   
Monthly Rent (Rs.)                       3283.12    1423.60   
Number of Room                           4.31    3.78   
Persons per Room                         1.10    1.46   
Floor Area (ft2.)                        496.65    501.19   
Square Feet per Person                   0.01    0.01   
--------------------------------------------------------
Observations                             43102    63736   
--------------------------------------------------------

. 
. *Means median
. esttab stats_76_u stats_76_r , ///
>         replace main(p50 %6.2f) label wide varwidth(40) modelwidth(4) onecell
>  not ///
>         mtitle("Urban" "Rural") nonotes /// 
>         title("India 2018 Urban and Rural: Table of Medians") append drop(`ta
> b_mean')

India 2018 Urban and Rural: Table of Medians
--------------------------------------------------------
                                          (1)     (2)   
                                         Urban    Rural   
--------------------------------------------------------
Monthly Rent (Rs.)                       2500.00    1000.00   
Number of Room                           4.00    4.00   
Persons per Room                         1.00    1.25   
Floor Area (ft2.)                        420.00    436.00   
Square Feet per Person                   0.01    0.01   
--------------------------------------------------------
Observations                             43102    63736   
--------------------------------------------------------

. 
. 
. log close
      name:  <unnamed>
       log:  C:/Users/wb500886/OneDrive - WBG/7_Housing/survey_all/final/output
> _table_india.smcl
  log type:  smcl
 closed on:   2 Jul 2020, 02:27:47
-------------------------------------------------------------------------------
