-------------------------------------------------------------------------------
      name:  <unnamed>
       log:  C:/Users/wb500886/OneDrive - WBG/7_Housing/survey_all/final/output
> _table_india_6576.smcl
  log type:  smcl
 opened on:  10 Jul 2020, 11:51:18

. 
. *****************************
. ***Consolidate the Surveys***
. *****************************
. 
. global ROOT "C:/Users/wb500886/OneDrive - WBG/7_Housing/survey_all"

. global raw "${ROOT}/raw"

. 
. global inter "${ROOT}/inter"

. global final "${ROOT}/final"

. global do "${ROOT}/script"

. 
. /*
> This file is to:
> 1. Consolidate the surveys
> 2. Calculate the indicators
> */
. 
. ***Specify the Surveys***
. global surveys "nss65 nss76"

. 
. *data source
. use "${raw}/nss76.dta", clear   

. append using "${raw}/nss69.dta"
(note: variable hh_weight was long, now double to accommodate using data's
       values)
(label hh_tnl already defined)
(label hh_urbanl already defined)

. append using "${raw}/nss65.dta"
(label hh_urbanl already defined)
(label hh_tnl already defined)

. 
. *calculate indicators
.     *overcrowding measured by dwelling room number 
.     gen infra_crowd_r = hh_size / infra_room
(62,805 missing values generated)

.     
.         *overcrowding measured by dwelling area
.     gen infra_crowd_a = infra_area / hh_size
(7,025 missing values generated)

.     
.         *cost of rent to umce
.         gen hq_rent_rate = cost_rent / hh_umce
(329,035 missing values generated)

.         
.         *cost of rent per square feet
.         gen hq_rent_sq = cost_rent / infra_area
(310,666 missing values generated)

.         
. *chang unit for percentage unit
. local tab_mean "infra_imp_roof  infra_imp_wall  infra_imp_floor infra_water_i
> n  infra_pucca_drainage    legal_tenure_se legal_own       legal_rent"

. 
. foreach var of var `tab_mean' {
  2. replace `var' = `var'*100
  3. }
(301,394 real changes made)
(259,451 real changes made)
(231,904 real changes made)
(201,417 real changes made)
(165,239 real changes made)
(312,840 real changes made)
(297,930 real changes made)
(50,007 real changes made)

. 
. *data order
. order cost_rent infra_room      infra_crowd_r   infra_area      infra_crowd_a
>    legal_tenure_se legal_own       legal_rent      infra_imp_roof  infra_imp_
> wall  infra_imp_floor infra_pucca_drainage    infra_water_in

. 
. *label and order the vars. 
. label var cost_rent "Monthly Rent (Rs.)"

. label var infra_room "Number of Room"

. label var infra_crowd_r "Persons per Room"

. label var infra_area "Floor Area (Sq.Ft.)"

. label var infra_crowd_a "Square Feet per Person"

. label var legal_tenure_se "With Secure Tenure (%)"

. label var legal_own "Own Dwelling (%)"

. label var legal_rent "Rent Dwelling (%)"

. label var infra_imp_roof "Roof Type is Improved Material (%)"

. label var infra_imp_wall "Wall Type is Improved Material (%)"

. label var infra_imp_floor "Floor Type is Improved Material (%)"

. label var infra_pucca_drainage "Drianage Type is Improved Material (%)" //?

. label var infra_water_in "Drinking water in premises (%)"

. label var hq_rent_sq "Rent per Sq Foot (Rs./Sq.Ft.)"

. 
. save "${final}/master",replace
file C:/Users/wb500886/OneDrive - WBG/7_Housing/survey_all/final/master.dta sav
> ed

. 
. ******************************
. ***The State GDP *************
. ******************************
. import excel "C:\Users\wb500886\OneDrive - WBG\7_Housing\survey_all\raw\State
> _series_as_on_15032020_aw.xls", sheet("PC con. (aw)") firstrow clear

. 
. keep NSS_69_76 StateUT J

. rename NSS_69_76 hh_state

. rename J gdp_17 //latest complete gdp (17-18): PC CONSTANT (2011-12) PRICES; 
> BASE YEAR 2011-12

. rename StateUT hh_state_name

. 
. sort gdp_17

. egen rank_hi = rank(-gdp_17)
(4 missing values generated)

. egen rank_lo = rank(gdp_17)
(4 missing values generated)

. 
. gen state_hi = (inrange(rank_hi,1,5))

. gen state_lo = (inrange(rank_lo,1,5))

. 
. keep if state_hi == 1 | state_lo == 1
(27 observations deleted)

. drop state_hi state_lo rank_hi rank_lo

. egen rank_hi = rank(-gdp_17)

. 
. replace hh_state_name = "Delhi" if strpos(hh_state_name,"Delhi")
(1 real change made)

. keep hh_state hh_state_name rank_hi 

. 
. save "${raw}/state_gdp",replace
file C:/Users/wb500886/OneDrive - WBG/7_Housing/survey_all/raw/state_gdp.dta sa
> ved

. 
. ******************************
. ***Calculate the Indicators***
. ******************************
. 
. use "${final}/master",replace

. 
. *keep the richest and poorest 
. merge m:1 hh_state using "${raw}/state_gdp"

    Result                           # of obs.
    -----------------------------------------
    not matched                       241,252
        from master                   241,252  (_merge==1)
        from using                          0  (_merge==2)

    matched                           114,652  (_merge==3)
    -----------------------------------------

. keep if _merge == 3
(241,252 observations deleted)

. drop _merge

. 
. *specify indicators
. local tab_median "cost_rent     infra_crowd_a hq_rent_sq"

. local tab_mean "legal_tenure_se legal_rent hq_rent_sq"

. 
. *****************descriptive stats******************
. foreach var of var `tab_median' {
  2. sum `var',detail
  3. }

                     Monthly Rent (Rs.)
-------------------------------------------------------------
      Percentiles      Smallest
 1%           75             30
 5%          200             30
10%          300             30       Obs              11,265
25%          600             30       Sum of Wgt.      11,265

50%         1200                      Mean           1814.065
                        Largest       Std. Dev.      2132.268
75%         2350          30000
90%         4000          30000       Variance        4546568
95%         5200          30000       Skewness       4.101992
99%        10000          30000       Kurtosis       31.91953

                   Square Feet per Person
-------------------------------------------------------------
      Percentiles      Smallest
 1%     17.14286       5.818182
 5%     27.14286            6.2
10%     35.55556       6.666667       Obs             112,554
25%     54.85714            7.5       Sum of Wgt.     112,554

50%     87.77778                      Mean           110.4311
                        Largest       Std. Dev.      90.32993
75%        137.6           1600
90%          204           1600       Variance       8159.497
95%     266.6667           1600       Skewness       3.650829
99%          450           1600       Kurtosis       31.08593

                Rent per Sq Foot (Rs./Sq.Ft.)
-------------------------------------------------------------
      Percentiles      Smallest
 1%          .25       .0266667
 5%     .7894737       .0384615
10%         1.25       .0555556       Obs              10,947
25%     2.604167       .0595238       Sum of Wgt.      10,947

50%            5                      Mean           6.482319
                        Largest       Std. Dev.      5.445487
75%     8.695652       42.85714
90%     13.55662       42.85714       Variance       29.65333
95%     17.24138       44.44444       Skewness       1.803614
99%     25.33333       44.44444       Kurtosis       7.775564

. 
. *****************India: 08-18***********************
. *mean for india state urban nss76, nss65
. local tab_list "legal_tenure_se legal_rent cost_rent hq_rent_sq infra_crowd_a
> "

. forval i = 1/10 {
  2.  qui eststo stats76_`i': estpost summarize `tab_list' [aw = hh_weight] if 
> rank_hi == `i' & id_survey == "76" & hh_urban ==1, detail 
  3.  qui eststo stats65_`i': estpost summarize `tab_list' [aw = hh_weight] if 
> rank_hi == `i' & id_survey == "65" & hh_urban ==1, detail 
  4. }

. 
. esttab stats76_1 stats76_2 stats76_3 stats76_4 stats76_5 stats76_6 stats76_7 
> stats76_8 stats76_9 stats76_10, ///
>         replace main(mean %6.1fc) label wide varwidth(30) modelwidth(6) onece
> ll not nonotes ///
>         title("India Top 5 Richest and Poorest States Urban 2018: Table of Me
> ans") ///
>         mtitle("Goa"    "Delhi" "Chandigarh"    "Sikkim"        "Haryana"    
>    "Madhya Pradesh"        "Jharkhand"     "Manipur"       "Uttar Pradesh" "B
> ihar") ///
>         addnotes("a. The Montly Rent is conditional on rent." ///
>         "b. Person per Room is defined as household size divide by total numb
> er" ///
>     "   of rooms in the dwelling." ///
>         "c. Square Feet per Person is defined as total floor area of the dwel
> ling" ///
>         "   divide by the household size of the dwelling that measured in squ
> are feet." ) 

India Top 5 Richest and Poorest States Urban 2018: Table of Means
-------------------------------------------------------------------------------
---------------------------------------------------
                                  (1)       (2)       (3)       (4)       (5)  
>      (6)       (7)       (8)       (9)      (10)   
                                  Goa     Delhi    Chan~h    Sikkim    Hary~a  
>   Madh~h    Jhar~d    Mani~r    Utta~h     Bihar   
-------------------------------------------------------------------------------
---------------------------------------------------
With Secure Tenure (%)           86.5      68.4      59.3      46.9      74.0  
>     79.6      75.5      94.8      77.4      74.6   
Rent Dwelling (%)                28.7      38.8      53.7      62.1      29.8  
>     25.1      31.6       6.7      24.7      25.9   
Monthly Rent (Rs.)             3985.0    4100.4    4188.9    3162.8    2856.4  
>   2562.6    1799.9    1875.7    2508.8    2577.5   
Rent per Sq Foot (Rs./Sq.Ft.)    10.8      15.2      12.5      10.8      10.2  
>      8.2       6.4       6.8      10.3       9.3   
Square Feet per Person          209.5     129.5     196.7     163.1     160.4  
>    136.8     138.7     175.4     132.3     134.6   
-------------------------------------------------------------------------------
---------------------------------------------------
Observations                      120      1333       144       288       977  
>     2181       981       960      4073      1439   
-------------------------------------------------------------------------------
---------------------------------------------------
a. The Montly Rent is conditional on rent.
b. Person per Room is defined as household size divide by total number
   of rooms in the dwelling.
c. Square Feet per Person is defined as total floor area of the dwelling
   divide by the household size of the dwelling that measured in square feet.

. 
. 
. esttab stats65_1 stats65_2 stats65_3 stats65_4 stats65_5 stats65_6 stats65_7 
> stats65_8 stats65_9 stats65_10, ///
>         replace main(mean %6.1fc) label wide varwidth(30) modelwidth(6) onece
> ll not nonotes ///
>         title("India Top 5 Richest and Poorest States Urban 2008: Table of Me
> ans") ///
>         mtitle("Goa"    "Delhi" "Chandigarh"    "Sikkim"        "Haryana"    
>    "Madhya Pradesh"        "Jharkhand"     "Manipur"       "Uttar Pradesh" "B
> ihar") ///
>         addnotes("a. The Montly Rent is conditional on rent." ///
>         "b. Person per Room is defined as household size divide by total numb
> er" ///
>     "   of rooms in the dwelling." ///
>         "c. Square Feet per Person is defined as total floor area of the dwel
> ling" ///
>         "   divide by the household size of the dwelling that measured in squ
> are feet." )

India Top 5 Richest and Poorest States Urban 2008: Table of Means
-------------------------------------------------------------------------------
---------------------------------------------------
                                  (1)       (2)       (3)       (4)       (5)  
>      (6)       (7)       (8)       (9)      (10)   
                                  Goa     Delhi    Chan~h    Sikkim    Hary~a  
>   Madh~h    Jhar~d    Mani~r    Utta~h     Bihar   
-------------------------------------------------------------------------------
---------------------------------------------------
With Secure Tenure (%)           85.7      61.9      60.9      29.6      79.2  
>     80.2      71.7      94.8      81.2      82.3   
Rent Dwelling (%)                34.6      43.0      45.7      68.3      25.2  
>     26.1      37.1       6.2      22.3      16.3   
Monthly Rent (Rs.)             1444.7    1736.8    2227.1    1696.7     970.0  
>    946.2     897.3     693.4    1131.5    1040.3   
Rent per Sq Foot (Rs./Sq.Ft.)     6.0       6.4       7.3       4.0       4.2  
>      3.1       2.8       2.7       4.3       3.5   
Square Feet per Person          147.9     115.0     142.3     151.8     114.3  
>    126.4     107.8     157.0     107.9     118.4   
-------------------------------------------------------------------------------
---------------------------------------------------
Observations                      287      3170       452       276      1151  
>     2932      1043      1152      5324      1039   
-------------------------------------------------------------------------------
---------------------------------------------------
a. The Montly Rent is conditional on rent.
b. Person per Room is defined as household size divide by total number
   of rooms in the dwelling.
c. Square Feet per Person is defined as total floor area of the dwelling
   divide by the household size of the dwelling that measured in square feet.

.         
. *Median for india state urban nss76, nss65
. local tab_list "legal_tenure_se legal_rent cost_rent infra_crowd_a"

. forval i = 1/10 {
  2.  qui eststo stats76_`i': estpost summarize `tab_median' [aw = hh_weight] i
> f rank_hi == `i' & id_survey == "76" & hh_urban ==1, detail 
  3.  qui eststo stats65_`i': estpost summarize `tab_median' [aw = hh_weight] i
> f rank_hi == `i' & id_survey == "65" & hh_urban ==1, detail 
  4. }

. 
. esttab stats76_1 stats76_2 stats76_3 stats76_4 stats76_5 stats76_6 stats76_7 
> stats76_8 stats76_9 stats76_10, ///
>         replace main(p50 %6.1fc) label wide varwidth(30) modelwidth(6) onecel
> l not nonotes ///
>         title("India Top 5 Richest and Poorest States Urban 2018: Table of Me
> dians") ///
>         mtitle("Goa"    "Delhi" "Chandigarh"    "Sikkim"        "Haryana"    
>    "Madhya Pradesh"        "Jharkhand"     "Manipur"       "Uttar Pradesh" "B
> ihar") ///
>         addnotes("a. The Montly Rent is conditional on rent." ///
>         "b. Person per Room is defined as household size divide by total numb
> er" ///
>     "   of rooms in the dwelling." ///
>         "c. Square Feet per Person is defined as total floor area of the dwel
> ling" ///
>         "   divide by the household size of the dwelling that measured in squ
> are feet." )

India Top 5 Richest and Poorest States Urban 2018: Table of Medians
-------------------------------------------------------------------------------
---------------------------------------------------
                                  (1)       (2)       (3)       (4)       (5)  
>      (6)       (7)       (8)       (9)      (10)   
                                  Goa     Delhi    Chan~h    Sikkim    Hary~a  
>   Madh~h    Jhar~d    Mani~r    Utta~h     Bihar   
-------------------------------------------------------------------------------
---------------------------------------------------
Monthly Rent (Rs.)             2800.0    3000.0    4000.0    3000.0    2000.0  
>   2000.0    1500.0    1200.0    2000.0    2000.0   
Square Feet per Person          170.0     100.0     122.0     140.0     120.8  
>    110.0     108.0     161.8     100.0     115.0   
Rent per Sq Foot (Rs./Sq.Ft.)    11.4      14.4      12.5       8.8       9.2  
>      7.1       6.4       2.6       8.3       8.7   
-------------------------------------------------------------------------------
---------------------------------------------------
Observations                      119      1314       132       287       952  
>     2135       974       947      4013      1421   
-------------------------------------------------------------------------------
---------------------------------------------------
a. The Montly Rent is conditional on rent.
b. Person per Room is defined as household size divide by total number
   of rooms in the dwelling.
c. Square Feet per Person is defined as total floor area of the dwelling
   divide by the household size of the dwelling that measured in square feet.

. 
. 
. esttab stats65_1 stats65_2 stats65_3 stats65_4 stats65_5 stats65_6 stats65_7 
> stats65_8 stats65_9 stats65_10, ///
>         replace main(p50 %6.1fc) label wide varwidth(30) modelwidth(6) onecel
> l not nonotes ///
>         title("India Top 5 Richest and Poorest States Urban 2008: Table of Me
> dians") ///
>         mtitle("Goa"    "Delhi" "Chandigarh"    "Sikkim"        "Haryana"    
>    "Madhya Pradesh"        "Jharkhand"     "Manipur"       "Uttar Pradesh" "B
> ihar") ///
>         addnotes("a. The Montly Rent is conditional on rent." ///
>         "b. Person per Room is defined as household size divide by total numb
> er" ///
>     "   of rooms in the dwelling." ///
>         "c. Square Feet per Person is defined as total floor area of the dwel
> ling" ///
>         "   divide by the household size of the dwelling that measured in squ
> are feet." )

India Top 5 Richest and Poorest States Urban 2008: Table of Medians
-------------------------------------------------------------------------------
---------------------------------------------------
                                  (1)       (2)       (3)       (4)       (5)  
>      (6)       (7)       (8)       (9)      (10)   
                                  Goa     Delhi    Chan~h    Sikkim    Hary~a  
>   Madh~h    Jhar~d    Mani~r    Utta~h     Bihar   
-------------------------------------------------------------------------------
---------------------------------------------------
Monthly Rent (Rs.)             1100.0    1000.0    1800.0    1500.0     700.0  
>    650.0     500.0     500.0     750.0     600.0   
Square Feet per Person          128.0      83.3      96.8     125.0      86.0  
>     90.0      87.5     144.2      80.0      80.0   
Rent per Sq Foot (Rs./Sq.Ft.)     4.6       5.5       6.9       3.9       3.7  
>      2.6       2.3       1.7       3.6       2.6   
-------------------------------------------------------------------------------
---------------------------------------------------
Observations                      283      3050       428       265      1127  
>     2860      1018      1136      5227      1021   
-------------------------------------------------------------------------------
---------------------------------------------------
a. The Montly Rent is conditional on rent.
b. Person per Room is defined as household size divide by total number
   of rooms in the dwelling.
c. Square Feet per Person is defined as total floor area of the dwelling
   divide by the household size of the dwelling that measured in square feet.

. 
. 
. 
. log close
      name:  <unnamed>
       log:  C:/Users/wb500886/OneDrive - WBG/7_Housing/survey_all/final/output
> _table_india_6576.smcl
  log type:  smcl
 closed on:  10 Jul 2020, 11:51:34
-------------------------------------------------------------------------------
